<?xml version="1.0" encoding="UTF-8"?>
<testsuite xmlns:xsi="http://www.w3.org/2001/XMLSchema-instance" xsi:noNamespaceSchemaLocation="https://maven.apache.org/surefire/maven-surefire-plugin/xsd/surefire-test-report-3.0.xsd" version="3.0" name="com.footballverse.LoginApiTest" time="5.199" tests="1" errors="0" skipped="0" failures="0">
  <properties>
[...]
</properties>
  <testcase name="testLoginApi" classname="com.footballverse.LoginApiTest" time="0.56">
    <system-out><![CDATA[2026-07-08T00:16:38.771+07:00  INFO 23280 --- [football-verse-api] [           main] t.c.s.AnnotationConfigContextLoaderUtils : Could not detect default configuration classes for test class [com.footballverse.LoginApiTest]: LoginApiTest does not declare any static, non-private, non-final, nested classes annotated with @Configuration.
2026-07-08T00:16:38.775+07:00  INFO 23280 --- [football-verse-api] [           main] .b.t.c.SpringBootTestContextBootstrapper : Found @SpringBootConfiguration com.footballverse.FootballVerseApplication for test class com.footballverse.LoginApiTest

  .   ____          _            __ _ _
 /\\ / ___'_ __ _ _(_)_ __  __ _ \ \ \ \
( ( )\___ | '_ | '_| | '_ \/ _` | \ \ \ \
 \\/  ___)| |_)| | | | | || (_| |  ) ) ) )
  '  |____| .__|_| |_|_| |_\__, | / / / /
 =========|_|==============|___/=/_/_/_/

 :: Spring Boot ::                (v3.3.7)

2026-07-08T00:16:38.906+07:00  INFO 23280 --- [football-verse-api] [           main] com.footballverse.LoginApiTest           : Starting LoginApiTest using Java 26.0.1 with PID 23280 (started by bach in D:\Code\Project\Personal\football-verse\core-service)
2026-07-08T00:16:38.906+07:00  INFO 23280 --- [football-verse-api] [           main] com.footballverse.LoginApiTest           : No active profile set, falling back to 1 default profile: "default"
2026-07-08T00:16:39.311+07:00  INFO 23280 --- [football-verse-api] [           main] .s.d.r.c.RepositoryConfigurationDelegate : Multiple Spring Data modules found, entering strict repository configuration mode
2026-07-08T00:16:39.311+07:00  INFO 23280 --- [football-verse-api] [           main] .s.d.r.c.RepositoryConfigurationDelegate : Bootstrapping Spring Data JPA repositories in DEFAULT mode.
2026-07-08T00:16:39.390+07:00  INFO 23280 --- [football-verse-api] [           main] .s.d.r.c.RepositoryConfigurationDelegate : Finished Spring Data repository scanning in 78 ms. Found 22 JPA repository interfaces.
2026-07-08T00:16:39.398+07:00  INFO 23280 --- [football-verse-api] [           main] .s.d.r.c.RepositoryConfigurationDelegate : Multiple Spring Data modules found, entering strict repository configuration mode
2026-07-08T00:16:39.398+07:00  INFO 23280 --- [football-verse-api] [           main] .s.d.r.c.RepositoryConfigurationDelegate : Bootstrapping Spring Data Redis repositories in DEFAULT mode.
2026-07-08T00:16:39.418+07:00  INFO 23280 --- [football-verse-api] [           main] .RepositoryConfigurationExtensionSupport : Spring Data Redis - Could not safely identify store assignment for repository candidate interface com.footballverse.auth.RefreshTokenRepository; If you want this repository to be a Redis repository, consider annotating your entities with one of these annotations: org.springframework.data.redis.core.RedisHash (preferred), or consider extending one of the following types with your repository: org.springframework.data.keyvalue.repository.KeyValueRepository
2026-07-08T00:16:39.419+07:00  INFO 23280 --- [football-verse-api] [           main] .RepositoryConfigurationExtensionSupport : Spring Data Redis - Could not safely identify store assignment for repository candidate interface com.footballverse.forum.ForumCategoryRepository; If you want this repository to be a Redis repository, consider annotating your entities with one of these annotations: org.springframework.data.redis.core.RedisHash (preferred), or consider extending one of the following types with your repository: org.springframework.data.keyvalue.repository.KeyValueRepository
2026-07-08T00:16:39.421+07:00  INFO 23280 --- [football-verse-api] [           main] .RepositoryConfigurationExtensionSupport : Spring Data Redis - Could not safely identify store assignment for repository candidate interface com.footballverse.forum.ForumPostLikeRepository; If you want this repository to be a Redis repository, consider annotating your entities with one of these annotations: org.springframework.data.redis.core.RedisHash (preferred), or consider extending one of the following types with your repository: org.springframework.data.keyvalue.repository.KeyValueRepository
2026-07-08T00:16:39.422+07:00  INFO 23280 --- [football-verse-api] [           main] .RepositoryConfigurationExtensionSupport : Spring Data Redis - Could not safely identify store assignment for repository candidate interface com.footballverse.forum.ForumPostRepository; If you want this repository to be a Redis repository, consider annotating your entities with one of these annotations: org.springframework.data.redis.core.RedisHash (preferred), or consider extending one of the following types with your repository: org.springframework.data.keyvalue.repository.KeyValueRepository
2026-07-08T00:16:39.422+07:00  INFO 23280 --- [football-verse-api] [           main] .RepositoryConfigurationExtensionSupport : Spring Data Redis - Could not safely identify store assignment for repository candidate interface com.footballverse.forum.ForumReportRepository; If you want this repository to be a Redis repository, consider annotating your entities with one of these annotations: org.springframework.data.redis.core.RedisHash (preferred), or consider extending one of the following types with your repository: org.springframework.data.keyvalue.repository.KeyValueRepository
2026-07-08T00:16:39.423+07:00  INFO 23280 --- [football-verse-api] [           main] .RepositoryConfigurationExtensionSupport : Spring Data Redis - Could not safely identify store assignment for repository candidate interface com.footballverse.forum.ForumThreadFollowRepository; If you want this repository to be a Redis repository, consider annotating your entities with one of these annotations: org.springframework.data.redis.core.RedisHash (preferred), or consider extending one of the following types with your repository: org.springframework.data.keyvalue.repository.KeyValueRepository
2026-07-08T00:16:39.423+07:00  INFO 23280 --- [football-verse-api] [           main] .RepositoryConfigurationExtensionSupport : Spring Data Redis - Could not safely identify store assignment for repository candidate interface com.footballverse.forum.ForumThreadRepository; If you want this repository to be a Redis repository, consider annotating your entities with one of these annotations: org.springframework.data.redis.core.RedisHash (preferred), or consider extending one of the following types with your repository: org.springframework.data.keyvalue.repository.KeyValueRepository
2026-07-08T00:16:39.423+07:00  INFO 23280 --- [football-verse-api] [           main] .RepositoryConfigurationExtensionSupport : Spring Data Redis - Could not safely identify store assignment for repository candidate interface com.footballverse.news.NewsArticleRepository; If you want this repository to be a Redis repository, consider annotating your entities with one of these annotations: org.springframework.data.redis.core.RedisHash (preferred), or consider extending one of the following types with your repository: org.springframework.data.keyvalue.repository.KeyValueRepository
2026-07-08T00:16:39.423+07:00  INFO 23280 --- [football-verse-api] [           main] .RepositoryConfigurationExtensionSupport : Spring Data Redis - Could not safely identify store assignment for repository candidate interface com.footballverse.news.NewsBookmarkRepository; If you want this repository to be a Redis repository, consider annotating your entities with one of these annotations: org.springframework.data.redis.core.RedisHash (preferred), or consider extending one of the following types with your repository: org.springframework.data.keyvalue.repository.KeyValueRepository
2026-07-08T00:16:39.423+07:00  INFO 23280 --- [football-verse-api] [           main] .RepositoryConfigurationExtensionSupport : Spring Data Redis - Could not safely identify store assignment for repository candidate interface com.footballverse.news.NewsCategoryRepository; If you want this repository to be a Redis repository, consider annotating your entities with one of these annotations: org.springframework.data.redis.core.RedisHash (preferred), or consider extending one of the following types with your repository: org.springframework.data.keyvalue.repository.KeyValueRepository
2026-07-08T00:16:39.423+07:00  INFO 23280 --- [football-verse-api] [           main] .RepositoryConfigurationExtensionSupport : Spring Data Redis - Could not safely identify store assignment for repository candidate interface com.footballverse.news.NewsCommentLikeRepository; If you want this repository to be a Redis repository, consider annotating your entities with one of these annotations: org.springframework.data.redis.core.RedisHash (preferred), or consider extending one of the following types with your repository: org.springframework.data.keyvalue.repository.KeyValueRepository
2026-07-08T00:16:39.423+07:00  INFO 23280 --- [football-verse-api] [           main] .RepositoryConfigurationExtensionSupport : Spring Data Redis - Could not safely identify store assignment for repository candidate interface com.footballverse.news.NewsCommentRepository; If you want this repository to be a Redis repository, consider annotating your entities with one of these annotations: org.springframework.data.redis.core.RedisHash (preferred), or consider extending one of the following types with your repository: org.springframework.data.keyvalue.repository.KeyValueRepository
2026-07-08T00:16:39.424+07:00  INFO 23280 --- [football-verse-api] [           main] .RepositoryConfigurationExtensionSupport : Spring Data Redis - Could not safely identify store assignment for repository candidate interface com.footballverse.news.NewsLikeRepository; If you want this repository to be a Redis repository, consider annotating your entities with one of these annotations: org.springframework.data.redis.core.RedisHash (preferred), or consider extending one of the following types with your repository: org.springframework.data.keyvalue.repository.KeyValueRepository
2026-07-08T00:16:39.424+07:00  INFO 23280 --- [football-verse-api] [           main] .RepositoryConfigurationExtensionSupport : Spring Data Redis - Could not safely identify store assignment for repository candidate interface com.footballverse.news.NewsSourceRepository; If you want this repository to be a Redis repository, consider annotating your entities with one of these annotations: org.springframework.data.redis.core.RedisHash (preferred), or consider extending one of the following types with your repository: org.springframework.data.keyvalue.repository.KeyValueRepository
2026-07-08T00:16:39.427+07:00  INFO 23280 --- [football-verse-api] [           main] .RepositoryConfigurationExtensionSupport : Spring Data Redis - Could not safely identify store assignment for repository candidate interface com.footballverse.news.NewsTagRepository; If you want this repository to be a Redis repository, consider annotating your entities with one of these annotations: org.springframework.data.redis.core.RedisHash (preferred), or consider extending one of the following types with your repository: org.springframework.data.keyvalue.repository.KeyValueRepository
2026-07-08T00:16:39.428+07:00  INFO 23280 --- [football-verse-api] [           main] .RepositoryConfigurationExtensionSupport : Spring Data Redis - Could not safely identify store assignment for repository candidate interface com.footballverse.notification.NotificationRepository; If you want this repository to be a Redis repository, consider annotating your entities with one of these annotations: org.springframework.data.redis.core.RedisHash (preferred), or consider extending one of the following types with your repository: org.springframework.data.keyvalue.repository.KeyValueRepository
2026-07-08T00:16:39.429+07:00  INFO 23280 --- [football-verse-api] [           main] .RepositoryConfigurationExtensionSupport : Spring Data Redis - Could not safely identify store assignment for repository candidate interface com.footballverse.prediction.FixtureRepository; If you want this repository to be a Redis repository, consider annotating your entities with one of these annotations: org.springframework.data.redis.core.RedisHash (preferred), or consider extending one of the following types with your repository: org.springframework.data.keyvalue.repository.KeyValueRepository
2026-07-08T00:16:39.432+07:00  INFO 23280 --- [football-verse-api] [           main] .RepositoryConfigurationExtensionSupport : Spring Data Redis - Could not safely identify store assignment for repository candidate interface com.footballverse.prediction.PredictionStatsRepository; If you want this repository to be a Redis repository, consider annotating your entities with one of these annotations: org.springframework.data.redis.core.RedisHash (preferred), or consider extending one of the following types with your repository: org.springframework.data.keyvalue.repository.KeyValueRepository
2026-07-08T00:16:39.437+07:00  INFO 23280 --- [football-verse-api] [           main] .RepositoryConfigurationExtensionSupport : Spring Data Redis - Could not safely identify store assignment for repository candidate interface com.footballverse.prediction.UserBadgeRepository; If you want this repository to be a Redis repository, consider annotating your entities with one of these annotations: org.springframework.data.redis.core.RedisHash (preferred), or consider extending one of the following types with your repository: org.springframework.data.keyvalue.repository.KeyValueRepository
2026-07-08T00:16:39.438+07:00  INFO 23280 --- [football-verse-api] [           main] .RepositoryConfigurationExtensionSupport : Spring Data Redis - Could not safely identify store assignment for repository candidate interface com.footballverse.prediction.UserPredictionRepository; If you want this repository to be a Redis repository, consider annotating your entities with one of these annotations: org.springframework.data.redis.core.RedisHash (preferred), or consider extending one of the following types with your repository: org.springframework.data.keyvalue.repository.KeyValueRepository
2026-07-08T00:16:39.438+07:00  INFO 23280 --- [football-verse-api] [           main] .RepositoryConfigurationExtensionSupport : Spring Data Redis - Could not safely identify store assignment for repository candidate interface com.footballverse.user.UserAccountRepository; If you want this repository to be a Redis repository, consider annotating your entities with one of these annotations: org.springframework.data.redis.core.RedisHash (preferred), or consider extending one of the following types with your repository: org.springframework.data.keyvalue.repository.KeyValueRepository
2026-07-08T00:16:39.438+07:00  INFO 23280 --- [football-verse-api] [           main] .RepositoryConfigurationExtensionSupport : Spring Data Redis - Could not safely identify store assignment for repository candidate interface com.footballverse.user.UserProfileRepository; If you want this repository to be a Redis repository, consider annotating your entities with one of these annotations: org.springframework.data.redis.core.RedisHash (preferred), or consider extending one of the following types with your repository: org.springframework.data.keyvalue.repository.KeyValueRepository
2026-07-08T00:16:39.439+07:00  INFO 23280 --- [football-verse-api] [           main] .s.d.r.c.RepositoryConfigurationDelegate : Finished Spring Data repository scanning in 39 ms. Found 0 Redis repository interfaces.
2026-07-08T00:16:40.255+07:00  INFO 23280 --- [football-verse-api] [           main] o.s.b.w.embedded.tomcat.TomcatWebServer  : Tomcat initialized with port 0 (http)
2026-07-08T00:16:40.285+07:00  INFO 23280 --- [football-verse-api] [           main] o.apache.catalina.core.StandardService   : Starting service [Tomcat]
2026-07-08T00:16:40.286+07:00  INFO 23280 --- [football-verse-api] [           main] o.apache.catalina.core.StandardEngine    : Starting Servlet engine: [Apache Tomcat/10.1.34]
2026-07-08T00:16:40.440+07:00  INFO 23280 --- [football-verse-api] [           main] o.a.c.c.C.[.[localhost].[/api/v1]        : Initializing Spring embedded WebApplicationContext
2026-07-08T00:16:40.441+07:00  INFO 23280 --- [football-verse-api] [           main] w.s.c.ServletWebServerApplicationContext : Root WebApplicationContext: initialization completed in 1529 ms
2026-07-08T00:16:40.708+07:00  INFO 23280 --- [football-verse-api] [           main] com.zaxxer.hikari.HikariDataSource       : HikariPool-3 - Starting...
2026-07-08T00:16:40.736+07:00  INFO 23280 --- [football-verse-api] [           main] com.zaxxer.hikari.pool.HikariPool        : HikariPool-3 - Added connection org.postgresql.jdbc.PgConnection@6f0d9606
2026-07-08T00:16:40.736+07:00  INFO 23280 --- [football-verse-api] [           main] com.zaxxer.hikari.HikariDataSource       : HikariPool-3 - Start completed.
2026-07-08T00:16:40.745+07:00  INFO 23280 --- [football-verse-api] [           main] org.flywaydb.core.FlywayExecutor         : Database: jdbc:postgresql://127.0.0.1:55432/football_verse (PostgreSQL 16.14)
2026-07-08T00:16:40.801+07:00  INFO 23280 --- [football-verse-api] [           main] o.f.core.internal.command.DbValidate     : Successfully validated 14 migrations (execution time 00:00.034s)
2026-07-08T00:16:40.838+07:00  INFO 23280 --- [football-verse-api] [           main] o.f.core.internal.command.DbMigrate      : Current version of schema "public": 14
2026-07-08T00:16:40.839+07:00  INFO 23280 --- [football-verse-api] [           main] o.f.core.internal.command.DbMigrate      : Schema "public" is up to date. No migration necessary.
2026-07-08T00:16:40.908+07:00  INFO 23280 --- [football-verse-api] [           main] o.hibernate.jpa.internal.util.LogHelper  : HHH000204: Processing PersistenceUnitInfo [name: default]
2026-07-08T00:16:40.915+07:00  INFO 23280 --- [football-verse-api] [           main] o.h.c.internal.RegionFactoryInitiator    : HHH000026: Second-level cache disabled
2026-07-08T00:16:40.938+07:00  INFO 23280 --- [football-verse-api] [           main] o.s.o.j.p.SpringPersistenceUnitInfo      : No LoadTimeWeaver setup: ignoring JPA class transformer
2026-07-08T00:16:41.705+07:00  INFO 23280 --- [football-verse-api] [           main] o.h.e.t.j.p.i.JtaPlatformInitiator       : HHH000489: No JTA platform available (set 'hibernate.transaction.jta.platform' to enable JTA platform integration)
2026-07-08T00:16:41.798+07:00  INFO 23280 --- [football-verse-api] [           main] j.LocalContainerEntityManagerFactoryBean : Initialized JPA EntityManagerFactory for persistence unit 'default'
2026-07-08T00:16:42.678+07:00  INFO 23280 --- [football-verse-api] [           main] c.f.storage.LocalFileStorage             : Initialized upload directory at: D:\Code\Project\Personal\football-verse\core-service\uploads
2026-07-08T00:16:42.729+07:00 TRACE 23280 --- [football-verse-api] [           main] eGlobalAuthenticationAutowiredConfigurer : Eagerly initializing {org.springframework.boot.autoconfigure.security.servlet.SpringBootWebSecurityConfiguration$WebSecurityEnablerConfiguration=org.springframework.boot.autoconfigure.security.servlet.SpringBootWebSecurityConfiguration$WebSecurityEnablerConfiguration@7e9ddc06}
2026-07-08T00:16:42.731+07:00  INFO 23280 --- [football-verse-api] [           main] r$InitializeUserDetailsManagerConfigurer : Global AuthenticationManager configured with UserDetailsService bean with name securityUserDetailsService
2026-07-08T00:16:42.775+07:00 TRACE 23280 --- [football-verse-api] [           main] s.w.s.m.m.a.RequestMappingHandlerMapping : 
	c.f.a.AuthController:
	{POST [/auth/register]}: register(RegisterRequest)
	{GET [/auth/me]}: me()
	{POST [/auth/refresh]}: refresh(RefreshTokenRequest)
	{POST [/auth/login]}: login(LoginRequest)
	{POST [/auth/logout]}: logout(RefreshTokenRequest)
	{POST [/auth/google]}: googleLogin(GoogleAuthRequest)
2026-07-08T00:16:42.778+07:00 TRACE 23280 --- [football-verse-api] [           main] s.w.s.m.m.a.RequestMappingHandlerMapping : 
	c.f.c.a.AdminDashboardController:
	{GET [/admin/dashboard/stats]}: getStats()
	{GET [/admin/dashboard/user-growth]}: getUserGrowth()
2026-07-08T00:16:42.782+07:00 TRACE 23280 --- [football-verse-api] [           main] s.w.s.m.m.a.RequestMappingHandlerMapping : 
	c.f.c.a.AdminForumController:
	{PATCH [/admin/forum/threads/{id}/pin]}: pin(Long,boolean)
	{PATCH [/admin/forum/reports/{id}/resolve]}: resolve(Long)
	{PATCH [/admin/forum/threads/{id}/lock]}: lock(Long,boolean)
	{PATCH [/admin/forum/posts/{id}/hide]}: hidePost(Long,boolean)
	{GET [/admin/forum/reports]}: reports()
	{POST [/admin/forum/categories]}: createCategory(ForumCategoryRequest)
	{PATCH [/admin/forum/threads/{id}/hide]}: hide(Long,boolean)
2026-07-08T00:16:42.796+07:00 TRACE 23280 --- [football-verse-api] [           main] s.w.s.m.m.a.RequestMappingHandlerMapping : 
	c.f.c.a.AdminNewsController:
	{PUT [/admin/news/{id}]}: update(Long,NewsArticleRequest)
	{POST [/admin/news]}: create(NewsArticleRequest)
	{GET [/admin/news/meta/counts]}: counts(String,Long,String,String)
	{DELETE [/admin/news/{id}]}: delete(Long)
	{GET [/admin/news/{id}]}: detail(Long)
	{GET [/admin/news/sources]}: sources()
	{GET [/admin/news]}: articles(int,int,ArticleStatus,String,Long,String,String)
	{GET [/admin/news/categories]}: categories()
	{POST [/admin/news/categories]}: createCategory(NewsCategoryRequest)
	{PATCH [/admin/news/{id}/status]}: updateStatus(Long,ArticleStatusRequest)
	{POST [/admin/news/crawl]}: crawl()
	{PATCH [/admin/news/sources/{id}/toggle]}: toggleSource(Long)
	{POST [/admin/news/sources]}: createSource(NewsSourceRequest)
	{DELETE [/admin/news/sources/{id}]}: deleteSource(Long)
2026-07-08T00:16:42.798+07:00 TRACE 23280 --- [football-verse-api] [           main] s.w.s.m.m.a.RequestMappingHandlerMapping : 
	c.f.c.a.AdminUserController:
	{PATCH [/admin/users/{id}/status]}: status(Long,UpdateUserStatusRequest)
	{GET [/admin/users]}: users()
2026-07-08T00:16:42.802+07:00 TRACE 23280 --- [football-verse-api] [           main] s.w.s.m.m.a.RequestMappingHandlerMapping : 
	c.f.c.m.ModeratorDashboardController:
	{GET [/moderator/dashboard/stats]}: getStats()
2026-07-08T00:16:42.805+07:00 TRACE 23280 --- [football-verse-api] [           main] s.w.s.m.m.a.RequestMappingHandlerMapping : 
	c.f.c.m.ModeratorForumController:
	{PATCH [/moderator/forum/threads/{id}/pin]}: pin(Long,boolean)
	{PATCH [/moderator/forum/reports/{id}/resolve]}: resolve(Long)
	{PATCH [/moderator/forum/threads/{id}/lock]}: lock(Long,boolean)
	{PATCH [/moderator/forum/posts/{id}/hide]}: hidePost(Long,boolean)
	{GET [/moderator/forum/reports]}: reports()
	{PATCH [/moderator/forum/threads/{id}/hide]}: hide(Long,boolean)
2026-07-08T00:16:42.813+07:00 TRACE 23280 --- [football-verse-api] [           main] s.w.s.m.m.a.RequestMappingHandlerMapping : 
	c.f.f.ForumController:
	{GET [/forum/threads/{slug}]}: thread(String)
	{GET [/forum/categories/{slug}/threads]}: threads(String,int,int,String)
	{POST [/forum/categories/{slug}/threads]}: createThread(String,ThreadRequest)
	{POST [/forum/reports]}: report(ReportRequest)
	{POST [/forum/threads/{id}/best-answer]}: markBestAnswer(Long,BestAnswerRequest)
	{DELETE [/forum/threads/{id}/best-answer]}: clearBestAnswer(Long)
	{POST [/forum/threads/{id}/replies]}: reply(Long,ReplyRequest)
	{GET [/forum/categories]}: categories()
	{POST [/forum/threads/{id}/follow]}: follow(Long)
	{POST [/forum/posts/{id}/like]}: likePost(Long)
2026-07-08T00:16:42.823+07:00 TRACE 23280 --- [football-verse-api] [           main] s.w.s.m.m.a.RequestMappingHandlerMapping : 
	c.f.n.InternalNewsController:
	{POST [/internal/news/import]}: importArticle(String,InternalArticleImportRequest)
	{GET [/internal/news/check-status]}: checkArticleStatus(String,String)
	{GET [/internal/news-sources]}: getActiveSources(String)
2026-07-08T00:16:42.828+07:00 TRACE 23280 --- [football-verse-api] [           main] s.w.s.m.m.a.RequestMappingHandlerMapping : 
	c.f.n.NewsController:
	{GET [/news]}: list(List,List,int,int)
	{GET [/news/{slug}/comments]}: comments(String)
	{POST [/news/{id}/comments]}: comment(Long,CommentRequest)
	{GET [/news/tags]}: tags()
	{GET [/news/{slug}]}: detail(String)
	{POST [/news/{id}/like]}: like(Long)
	{POST [/news/{id}/bookmark]}: bookmark(Long)
	{GET [/news/categories]}: categories()
	{POST [/news/comments/{id}/like]}: likeComment(Long)
2026-07-08T00:16:42.833+07:00 TRACE 23280 --- [football-verse-api] [           main] s.w.s.m.m.a.RequestMappingHandlerMapping : 
	c.f.n.NotificationController:
	{PATCH [/notifications/{id}/read]}: read(Long)
	{PATCH [/notifications/read-all]}: readAll()
	{GET [/notifications]}: mine()
2026-07-08T00:16:42.836+07:00 TRACE 23280 --- [football-verse-api] [           main] s.w.s.m.m.a.RequestMappingHandlerMapping : 
	c.f.n.SseNotificationController:
	{GET [/api/v1/notifications/stream], produces [text/event-stream]}: streamNotifications(String)
2026-07-08T00:16:42.837+07:00 TRACE 23280 --- [football-verse-api] [           main] s.w.s.m.m.a.RequestMappingHandlerMapping : 
	c.f.p.MatchesController:
	{GET [/matches/centre]}: matchCentre(String,String)
2026-07-08T00:16:42.839+07:00 TRACE 23280 --- [football-verse-api] [           main] s.w.s.m.m.a.RequestMappingHandlerMapping : 
	c.f.p.PredictionController:
	{GET [/predictions/fixtures]}: fixtures(String)
	{GET [/predictions/stats]}: stats()
	{GET [/predictions/leaderboard]}: leaderboard(String)
	{POST [/predictions/{fixtureId}]}: predict(Long,PredictionRequest)
	{GET [/predictions/match-centre]}: matchCentre(String,String)
	{GET [/predictions/mine]}: myPredictions(String)
2026-07-08T00:16:42.843+07:00 TRACE 23280 --- [football-verse-api] [           main] s.w.s.m.m.a.RequestMappingHandlerMapping : 
	c.f.s.SearchController:
	{GET [/search]}: search(String,int,int)
2026-07-08T00:16:42.844+07:00 TRACE 23280 --- [football-verse-api] [           main] s.w.s.m.m.a.RequestMappingHandlerMapping : 
	c.f.s.UploadController:
	{POST [/uploads]}: uploadFile(MultipartFile)
	{GET [/uploads/{filename:.+}]}: serveFile(String)
2026-07-08T00:16:42.846+07:00 TRACE 23280 --- [football-verse-api] [           main] s.w.s.m.m.a.RequestMappingHandlerMapping : 
	c.f.u.UserController:
	{GET [/users/me/profile]}: profile()
	{PATCH [/users/me/profile]}: updateProfile(ProfileRequest)
	{GET [/users/me/following-threads]}: followingThreads()
2026-07-08T00:16:42.849+07:00 TRACE 23280 --- [football-verse-api] [           main] s.w.s.m.m.a.RequestMappingHandlerMapping : 
	o.s.b.a.w.s.e.BasicErrorController:
	{ [/error]}: error(HttpServletRequest)
	{ [/error], produces [text/html]}: errorHtml(HttpServletRequest,HttpServletResponse)
2026-07-08T00:16:42.857+07:00 DEBUG 23280 --- [football-verse-api] [           main] s.w.s.m.m.a.RequestMappingHandlerMapping : 79 mappings in 'requestMappingHandlerMapping'
2026-07-08T00:16:42.869+07:00 DEBUG 23280 --- [football-verse-api] [           main] o.s.w.s.h.BeanNameUrlHandlerMapping      : Detected 0 mappings in 'beanNameHandlerMapping'
2026-07-08T00:16:42.889+07:00 TRACE 23280 --- [football-verse-api] [           main] o.s.w.s.f.support.RouterFunctionMapping  : 0 RouterFunction(s) in 'routerFunctionMapping'
2026-07-08T00:16:42.890+07:00 TRACE 23280 --- [football-verse-api] [           main] o.s.w.s.handler.SimpleUrlHandlerMapping  : Mapped [/webjars/**] onto ResourceHttpRequestHandler [classpath [META-INF/resources/webjars/]]
2026-07-08T00:16:42.890+07:00 TRACE 23280 --- [football-verse-api] [           main] o.s.w.s.handler.SimpleUrlHandlerMapping  : Mapped [/**] onto ResourceHttpRequestHandler [classpath [META-INF/resources/], classpath [resources/], classpath [static/], classpath [public/], ServletContext [/]]
2026-07-08T00:16:42.890+07:00 DEBUG 23280 --- [football-verse-api] [           main] o.s.w.s.handler.SimpleUrlHandlerMapping  : Patterns [/webjars/**, /**] in 'resourceHandlerMapping'
2026-07-08T00:16:42.925+07:00 DEBUG 23280 --- [football-verse-api] [           main] o.s.s.web.DefaultSecurityFilterChain     : Will secure any request with filters: DisableEncodeUrlFilter, WebAsyncManagerIntegrationFilter, SecurityContextHolderFilter, HeaderWriterFilter, CorsFilter, LogoutFilter, JwtAuthenticationFilter, RequestCacheAwareFilter, SecurityContextHolderAwareRequestFilter, AnonymousAuthenticationFilter, SessionManagementFilter, ExceptionTranslationFilter, AuthorizationFilter
2026-07-08T00:16:42.988+07:00 DEBUG 23280 --- [football-verse-api] [           main] s.w.s.m.m.a.RequestMappingHandlerAdapter : ControllerAdvice beans: 0 @ModelAttribute, 0 @InitBinder, 1 RequestBodyAdvice, 1 ResponseBodyAdvice
2026-07-08T00:16:42.998+07:00 DEBUG 23280 --- [football-verse-api] [           main] .m.m.a.ExceptionHandlerExceptionResolver : ControllerAdvice beans: 1 @ExceptionHandler, 1 ResponseBodyAdvice
2026-07-08T00:16:43.253+07:00  INFO 23280 --- [football-verse-api] [           main] o.s.b.w.embedded.tomcat.TomcatWebServer  : Tomcat started on port 51351 (http) with context path '/api/v1'
2026-07-08T00:16:43.257+07:00  INFO 23280 --- [football-verse-api] [           main] com.footballverse.LoginApiTest           : Started LoginApiTest in 4.47 seconds (process running for 40.295)
2026-07-08T00:16:43.432+07:00 DEBUG 23280 --- [football-verse-api] [           main] o.s.web.client.RestTemplate              : HTTP POST http://localhost:51351/api/v1/auth/login
2026-07-08T00:16:43.439+07:00 DEBUG 23280 --- [football-verse-api] [           main] o.s.web.client.RestTemplate              : Accept=[text/plain, application/json, application/*+json, */*]
2026-07-08T00:16:43.442+07:00 DEBUG 23280 --- [football-verse-api] [           main] o.s.web.client.RestTemplate              : Writing [LoginRequest[email=admin@footballverse.local, password=ChangeMe123!]] with org.springframework.http.converter.json.MappingJackson2HttpMessageConverter
2026-07-08T00:16:43.580+07:00  INFO 23280 --- [football-verse-api] [o-auto-1-exec-1] o.a.c.c.C.[.[localhost].[/api/v1]        : Initializing Spring DispatcherServlet 'dispatcherServlet'
2026-07-08T00:16:43.580+07:00  INFO 23280 --- [football-verse-api] [o-auto-1-exec-1] o.s.web.servlet.DispatcherServlet        : Initializing Servlet 'dispatcherServlet'
2026-07-08T00:16:43.581+07:00 TRACE 23280 --- [football-verse-api] [o-auto-1-exec-1] o.s.web.servlet.DispatcherServlet        : Detected org.springframework.web.multipart.support.StandardServletMultipartResolver@d7a6beb
2026-07-08T00:16:43.581+07:00 TRACE 23280 --- [football-verse-api] [o-auto-1-exec-1] o.s.web.servlet.DispatcherServlet        : Detected org.springframework.web.servlet.i18n.AcceptHeaderLocaleResolver@6e5962a2
2026-07-08T00:16:43.581+07:00 TRACE 23280 --- [football-verse-api] [o-auto-1-exec-1] o.s.web.servlet.DispatcherServlet        : Detected org.springframework.web.servlet.theme.FixedThemeResolver@3d48eabc
2026-07-08T00:16:43.582+07:00 TRACE 23280 --- [football-verse-api] [o-auto-1-exec-1] o.s.web.servlet.DispatcherServlet        : Detected DefaultRequestToViewNameTranslator
2026-07-08T00:16:43.582+07:00 TRACE 23280 --- [football-verse-api] [o-auto-1-exec-1] o.s.web.servlet.DispatcherServlet        : Detected SessionFlashMapManager
2026-07-08T00:16:43.583+07:00 DEBUG 23280 --- [football-verse-api] [o-auto-1-exec-1] o.s.web.servlet.DispatcherServlet        : enableLoggingRequestDetails='false': request parameters and headers will be masked to prevent unsafe logging of potentially sensitive data
2026-07-08T00:16:43.583+07:00  INFO 23280 --- [football-verse-api] [o-auto-1-exec-1] o.s.web.servlet.DispatcherServlet        : Completed initialization in 3 ms
2026-07-08T00:16:43.595+07:00 TRACE 23280 --- [football-verse-api] [o-auto-1-exec-1] o.s.security.web.FilterChainProxy        : Trying to match request against DefaultSecurityFilterChain [RequestMatcher=any request, Filters=[org.springframework.security.web.session.DisableEncodeUrlFilter@1f8cc425, org.springframework.security.web.context.request.async.WebAsyncManagerIntegrationFilter@11a88103, org.springframework.security.web.context.SecurityContextHolderFilter@54a152d8, org.springframework.security.web.header.HeaderWriterFilter@f1099cb, org.springframework.web.filter.CorsFilter@35e87f85, org.springframework.security.web.authentication.logout.LogoutFilter@6b64a278, com.footballverse.security.JwtAuthenticationFilter@5d9a0ec4, org.springframework.security.web.savedrequest.RequestCacheAwareFilter@51a73ec8, org.springframework.security.web.servletapi.SecurityContextHolderAwareRequestFilter@5a722bf6, org.springframework.security.web.authentication.AnonymousAuthenticationFilter@36c00a02, org.springframework.security.web.session.SessionManagementFilter@2898f11a, org.springframework.security.web.access.ExceptionTranslationFilter@46687d71, org.springframework.security.web.access.intercept.AuthorizationFilter@48bb36a4]] (1/1)
2026-07-08T00:16:43.596+07:00 DEBUG 23280 --- [football-verse-api] [o-auto-1-exec-1] o.s.security.web.FilterChainProxy        : Securing POST /auth/login
2026-07-08T00:16:43.596+07:00 TRACE 23280 --- [football-verse-api] [o-auto-1-exec-1] o.s.security.web.FilterChainProxy        : Invoking DisableEncodeUrlFilter (1/13)
2026-07-08T00:16:43.596+07:00 TRACE 23280 --- [football-verse-api] [o-auto-1-exec-1] o.s.security.web.FilterChainProxy        : Invoking WebAsyncManagerIntegrationFilter (2/13)
2026-07-08T00:16:43.596+07:00 TRACE 23280 --- [football-verse-api] [o-auto-1-exec-1] o.s.security.web.FilterChainProxy        : Invoking SecurityContextHolderFilter (3/13)
2026-07-08T00:16:43.596+07:00 TRACE 23280 --- [football-verse-api] [o-auto-1-exec-1] o.s.security.web.FilterChainProxy        : Invoking HeaderWriterFilter (4/13)
2026-07-08T00:16:43.598+07:00 TRACE 23280 --- [football-verse-api] [o-auto-1-exec-1] o.s.security.web.FilterChainProxy        : Invoking CorsFilter (5/13)
2026-07-08T00:16:43.598+07:00 TRACE 23280 --- [football-verse-api] [o-auto-1-exec-1] o.s.security.web.FilterChainProxy        : Invoking LogoutFilter (6/13)
2026-07-08T00:16:43.598+07:00 TRACE 23280 --- [football-verse-api] [o-auto-1-exec-1] o.s.s.w.a.logout.LogoutFilter            : Did not match request to Or [Ant [pattern='/logout', GET], Ant [pattern='/logout', POST], Ant [pattern='/logout', PUT], Ant [pattern='/logout', DELETE]]
2026-07-08T00:16:43.598+07:00 TRACE 23280 --- [football-verse-api] [o-auto-1-exec-1] o.s.security.web.FilterChainProxy        : Invoking JwtAuthenticationFilter (7/13)
2026-07-08T00:16:43.599+07:00 TRACE 23280 --- [football-verse-api] [o-auto-1-exec-1] o.s.security.web.FilterChainProxy        : Invoking RequestCacheAwareFilter (8/13)
2026-07-08T00:16:43.599+07:00 TRACE 23280 --- [football-verse-api] [o-auto-1-exec-1] o.s.security.web.FilterChainProxy        : Invoking SecurityContextHolderAwareRequestFilter (9/13)
2026-07-08T00:16:43.599+07:00 TRACE 23280 --- [football-verse-api] [o-auto-1-exec-1] o.s.security.web.FilterChainProxy        : Invoking AnonymousAuthenticationFilter (10/13)
2026-07-08T00:16:43.599+07:00 TRACE 23280 --- [football-verse-api] [o-auto-1-exec-1] o.s.security.web.FilterChainProxy        : Invoking SessionManagementFilter (11/13)
2026-07-08T00:16:43.599+07:00 TRACE 23280 --- [football-verse-api] [o-auto-1-exec-1] .s.s.w.c.SupplierDeferredSecurityContext : Created SecurityContextImpl [Null authentication]
2026-07-08T00:16:43.600+07:00 TRACE 23280 --- [football-verse-api] [o-auto-1-exec-1] o.s.s.w.a.AnonymousAuthenticationFilter  : Set SecurityContextHolder to AnonymousAuthenticationToken [Principal=anonymousUser, Credentials=[PROTECTED], Authenticated=true, Details=WebAuthenticationDetails [RemoteIpAddress=127.0.0.1, SessionId=null], Granted Authorities=[ROLE_ANONYMOUS]]
2026-07-08T00:16:43.600+07:00 TRACE 23280 --- [football-verse-api] [o-auto-1-exec-1] o.s.security.web.FilterChainProxy        : Invoking ExceptionTranslationFilter (12/13)
2026-07-08T00:16:43.600+07:00 TRACE 23280 --- [football-verse-api] [o-auto-1-exec-1] o.s.security.web.FilterChainProxy        : Invoking AuthorizationFilter (13/13)
2026-07-08T00:16:43.600+07:00 TRACE 23280 --- [football-verse-api] [o-auto-1-exec-1] estMatcherDelegatingAuthorizationManager : Authorizing POST /auth/login
2026-07-08T00:16:43.601+07:00 TRACE 23280 --- [football-verse-api] [o-auto-1-exec-1] estMatcherDelegatingAuthorizationManager : Checking authorization on POST /auth/login using org.springframework.security.config.annotation.web.configurers.AuthorizeHttpRequestsConfigurer$$Lambda/0x0000000008d339f0@5aa5aa7d
2026-07-08T00:16:43.602+07:00 DEBUG 23280 --- [football-verse-api] [o-auto-1-exec-1] o.s.security.web.FilterChainProxy        : Secured POST /auth/login
2026-07-08T00:16:43.606+07:00 TRACE 23280 --- [football-verse-api] [o-auto-1-exec-1] o.s.web.servlet.DispatcherServlet        : POST "/api/v1/auth/login", parameters={}, headers={masked} in DispatcherServlet 'dispatcherServlet'
2026-07-08T00:16:43.606+07:00 TRACE 23280 --- [football-verse-api] [o-auto-1-exec-1] s.w.s.m.m.a.RequestMappingHandlerMapping : Mapped to com.footballverse.auth.AuthController#login(LoginRequest)
2026-07-08T00:16:43.625+07:00 TRACE 23280 --- [football-verse-api] [o-auto-1-exec-1] m.m.a.RequestResponseBodyMethodProcessor : Read "application/json;charset=UTF-8" to [LoginRequest[email=admin@footballverse.local, password=ChangeMe123!]]
2026-07-08T00:16:43.728+07:00 TRACE 23280 --- [football-verse-api] [o-auto-1-exec-1] o.s.web.method.HandlerMethod             : Arguments: [LoginRequest[email=admin@footballverse.local, password=ChangeMe123!]]
2026-07-08T00:16:43.936+07:00 DEBUG 23280 --- [football-verse-api] [o-auto-1-exec-1] m.m.a.RequestResponseBodyMethodProcessor : Using 'application/json', given [text/plain, application/json, application/*+json, */*] and supported [application/json, application/*+json]
2026-07-08T00:16:43.942+07:00 TRACE 23280 --- [football-verse-api] [o-auto-1-exec-1] m.m.a.RequestResponseBodyMethodProcessor : Writing [ApiResponse[success=true, message=Request successful, data=AuthResponse[accessToken=eyJhbGciOiJIUzI1NiIsInR5cCI6IkpXVCJ9.eyJzdWIiOiJhZG1pbkBmb290YmFsbHZlcnNlLmxvY2FsIiwidWlkIjoxLCJyb2xlcyI6WyJBRE1JTiJdLCJleHAiOjE3ODM0NDY0MDN9.556mRnPygzJnvYR5LlJ5zaUB-vwkLVC0ESdtIE1J7eg, refreshToken=f830886c-a9fa-471b-a853-78d52599ce3b, userId=1, email=admin@footballverse.local, username=admin, roles=[ADMIN]], timestamp=2026-07-07T17:16:43.930850200Z]]
2026-07-08T00:16:43.951+07:00 TRACE 23280 --- [football-verse-api] [o-auto-1-exec-1] o.s.s.w.header.writers.HstsHeaderWriter  : Not injecting HSTS header since it did not match request to [Is Secure]
2026-07-08T00:16:43.954+07:00 TRACE 23280 --- [football-verse-api] [o-auto-1-exec-1] o.s.web.servlet.DispatcherServlet        : No view rendering, null ModelAndView returned.
2026-07-08T00:16:43.955+07:00 DEBUG 23280 --- [football-verse-api] [o-auto-1-exec-1] o.s.web.servlet.DispatcherServlet        : Completed 200 OK, headers={masked}
2026-07-08T00:16:43.956+07:00 DEBUG 23280 --- [football-verse-api] [           main] o.s.web.client.RestTemplate              : Response 200 OK
2026-07-08T00:16:43.958+07:00 DEBUG 23280 --- [football-verse-api] [           main] o.s.web.client.RestTemplate              : Reading to [java.lang.String] as "application/json"
Status: 200 OK
Body: {"success":true,"message":"Request successful","data":{"accessToken":"eyJhbGciOiJIUzI1NiIsInR5cCI6IkpXVCJ9.eyJzdWIiOiJhZG1pbkBmb290YmFsbHZlcnNlLmxvY2FsIiwidWlkIjoxLCJyb2xlcyI6WyJBRE1JTiJdLCJleHAiOjE3ODM0NDY0MDN9.556mRnPygzJnvYR5LlJ5zaUB-vwkLVC0ESdtIE1J7eg","refreshToken":"f830886c-a9fa-471b-a853-78d52599ce3b","userId":1,"email":"admin@footballverse.local","username":"admin","roles":["ADMIN"]},"timestamp":"2026-07-07T17:16:43.930850200Z"}
]]></system-out>
  </testcase>
</testsuite>