<?xml version="1.0" encoding="UTF-8"?>
<testsuite xmlns:xsi="http://www.w3.org/2001/XMLSchema-instance" xsi:noNamespaceSchemaLocation="https://maven.apache.org/surefire/maven-surefire-plugin/xsd/surefire-test-report-3.0.xsd" version="3.0" name="com.footballverse.ForumModerationIntegrityTest" time="29.904" tests="8" errors="0" skipped="0" failures="0">
  <properties>
[...]
</properties>
  <testcase name="followingThreadReceivesReplyNotification" classname="com.footballverse.ForumModerationIntegrityTest" time="0.865">
    <system-out><![CDATA[00:16:03.933 [main] INFO org.springframework.test.context.support.AnnotationConfigContextLoaderUtils -- Could not detect default configuration classes for test class [com.footballverse.ForumModerationIntegrityTest]: ForumModerationIntegrityTest does not declare any static, non-private, non-final, nested classes annotated with @Configuration.
00:16:04.072 [main] INFO org.springframework.boot.test.context.SpringBootTestContextBootstrapper -- Found @SpringBootConfiguration com.footballverse.FootballVerseApplication for test class com.footballverse.ForumModerationIntegrityTest

  .   ____          _            __ _ _
 /\\ / ___'_ __ _ _(_)_ __  __ _ \ \ \ \
( ( )\___ | '_ | '_| | '_ \/ _` | \ \ \ \
 \\/  ___)| |_)| | | | | || (_| |  ) ) ) )
  '  |____| .__|_| |_|_| |_\__, | / / / /
 =========|_|==============|___/=/_/_/_/

 :: Spring Boot ::                (v3.3.7)

2026-07-08T00:16:04.495+07:00  INFO 23280 --- [football-verse-api] [           main] c.f.ForumModerationIntegrityTest         : Starting ForumModerationIntegrityTest using Java 26.0.1 with PID 23280 (started by bach in D:\Code\Project\Personal\football-verse\core-service)
2026-07-08T00:16:04.495+07:00  INFO 23280 --- [football-verse-api] [           main] c.f.ForumModerationIntegrityTest         : No active profile set, falling back to 1 default profile: "default"
2026-07-08T00:16:05.339+07:00  INFO 23280 --- [football-verse-api] [           main] .s.d.r.c.RepositoryConfigurationDelegate : Multiple Spring Data modules found, entering strict repository configuration mode
2026-07-08T00:16:05.341+07:00  INFO 23280 --- [football-verse-api] [           main] .s.d.r.c.RepositoryConfigurationDelegate : Bootstrapping Spring Data JPA repositories in DEFAULT mode.
2026-07-08T00:16:05.551+07:00  INFO 23280 --- [football-verse-api] [           main] .s.d.r.c.RepositoryConfigurationDelegate : Finished Spring Data repository scanning in 203 ms. Found 22 JPA repository interfaces.
2026-07-08T00:16:05.576+07:00  INFO 23280 --- [football-verse-api] [           main] .s.d.r.c.RepositoryConfigurationDelegate : Multiple Spring Data modules found, entering strict repository configuration mode
2026-07-08T00:16:05.579+07:00  INFO 23280 --- [football-verse-api] [           main] .s.d.r.c.RepositoryConfigurationDelegate : Bootstrapping Spring Data Redis repositories in DEFAULT mode.
2026-07-08T00:16:05.601+07:00  INFO 23280 --- [football-verse-api] [           main] .RepositoryConfigurationExtensionSupport : Spring Data Redis - Could not safely identify store assignment for repository candidate interface com.footballverse.auth.RefreshTokenRepository; If you want this repository to be a Redis repository, consider annotating your entities with one of these annotations: org.springframework.data.redis.core.RedisHash (preferred), or consider extending one of the following types with your repository: org.springframework.data.keyvalue.repository.KeyValueRepository
2026-07-08T00:16:05.601+07:00  INFO 23280 --- [football-verse-api] [           main] .RepositoryConfigurationExtensionSupport : Spring Data Redis - Could not safely identify store assignment for repository candidate interface com.footballverse.forum.ForumCategoryRepository; If you want this repository to be a Redis repository, consider annotating your entities with one of these annotations: org.springframework.data.redis.core.RedisHash (preferred), or consider extending one of the following types with your repository: org.springframework.data.keyvalue.repository.KeyValueRepository
2026-07-08T00:16:05.602+07:00  INFO 23280 --- [football-verse-api] [           main] .RepositoryConfigurationExtensionSupport : Spring Data Redis - Could not safely identify store assignment for repository candidate interface com.footballverse.forum.ForumPostLikeRepository; If you want this repository to be a Redis repository, consider annotating your entities with one of these annotations: org.springframework.data.redis.core.RedisHash (preferred), or consider extending one of the following types with your repository: org.springframework.data.keyvalue.repository.KeyValueRepository
2026-07-08T00:16:05.603+07:00  INFO 23280 --- [football-verse-api] [           main] .RepositoryConfigurationExtensionSupport : Spring Data Redis - Could not safely identify store assignment for repository candidate interface com.footballverse.forum.ForumPostRepository; If you want this repository to be a Redis repository, consider annotating your entities with one of these annotations: org.springframework.data.redis.core.RedisHash (preferred), or consider extending one of the following types with your repository: org.springframework.data.keyvalue.repository.KeyValueRepository
2026-07-08T00:16:05.603+07:00  INFO 23280 --- [football-verse-api] [           main] .RepositoryConfigurationExtensionSupport : Spring Data Redis - Could not safely identify store assignment for repository candidate interface com.footballverse.forum.ForumReportRepository; If you want this repository to be a Redis repository, consider annotating your entities with one of these annotations: org.springframework.data.redis.core.RedisHash (preferred), or consider extending one of the following types with your repository: org.springframework.data.keyvalue.repository.KeyValueRepository
2026-07-08T00:16:05.603+07:00  INFO 23280 --- [football-verse-api] [           main] .RepositoryConfigurationExtensionSupport : Spring Data Redis - Could not safely identify store assignment for repository candidate interface com.footballverse.forum.ForumThreadFollowRepository; If you want this repository to be a Redis repository, consider annotating your entities with one of these annotations: org.springframework.data.redis.core.RedisHash (preferred), or consider extending one of the following types with your repository: org.springframework.data.keyvalue.repository.KeyValueRepository
2026-07-08T00:16:05.604+07:00  INFO 23280 --- [football-verse-api] [           main] .RepositoryConfigurationExtensionSupport : Spring Data Redis - Could not safely identify store assignment for repository candidate interface com.footballverse.forum.ForumThreadRepository; If you want this repository to be a Redis repository, consider annotating your entities with one of these annotations: org.springframework.data.redis.core.RedisHash (preferred), or consider extending one of the following types with your repository: org.springframework.data.keyvalue.repository.KeyValueRepository
2026-07-08T00:16:05.604+07:00  INFO 23280 --- [football-verse-api] [           main] .RepositoryConfigurationExtensionSupport : Spring Data Redis - Could not safely identify store assignment for repository candidate interface com.footballverse.news.NewsArticleRepository; If you want this repository to be a Redis repository, consider annotating your entities with one of these annotations: org.springframework.data.redis.core.RedisHash (preferred), or consider extending one of the following types with your repository: org.springframework.data.keyvalue.repository.KeyValueRepository
2026-07-08T00:16:05.605+07:00  INFO 23280 --- [football-verse-api] [           main] .RepositoryConfigurationExtensionSupport : Spring Data Redis - Could not safely identify store assignment for repository candidate interface com.footballverse.news.NewsBookmarkRepository; If you want this repository to be a Redis repository, consider annotating your entities with one of these annotations: org.springframework.data.redis.core.RedisHash (preferred), or consider extending one of the following types with your repository: org.springframework.data.keyvalue.repository.KeyValueRepository
2026-07-08T00:16:05.605+07:00  INFO 23280 --- [football-verse-api] [           main] .RepositoryConfigurationExtensionSupport : Spring Data Redis - Could not safely identify store assignment for repository candidate interface com.footballverse.news.NewsCategoryRepository; If you want this repository to be a Redis repository, consider annotating your entities with one of these annotations: org.springframework.data.redis.core.RedisHash (preferred), or consider extending one of the following types with your repository: org.springframework.data.keyvalue.repository.KeyValueRepository
2026-07-08T00:16:05.605+07:00  INFO 23280 --- [football-verse-api] [           main] .RepositoryConfigurationExtensionSupport : Spring Data Redis - Could not safely identify store assignment for repository candidate interface com.footballverse.news.NewsCommentLikeRepository; If you want this repository to be a Redis repository, consider annotating your entities with one of these annotations: org.springframework.data.redis.core.RedisHash (preferred), or consider extending one of the following types with your repository: org.springframework.data.keyvalue.repository.KeyValueRepository
2026-07-08T00:16:05.605+07:00  INFO 23280 --- [football-verse-api] [           main] .RepositoryConfigurationExtensionSupport : Spring Data Redis - Could not safely identify store assignment for repository candidate interface com.footballverse.news.NewsCommentRepository; If you want this repository to be a Redis repository, consider annotating your entities with one of these annotations: org.springframework.data.redis.core.RedisHash (preferred), or consider extending one of the following types with your repository: org.springframework.data.keyvalue.repository.KeyValueRepository
2026-07-08T00:16:05.607+07:00  INFO 23280 --- [football-verse-api] [           main] .RepositoryConfigurationExtensionSupport : Spring Data Redis - Could not safely identify store assignment for repository candidate interface com.footballverse.news.NewsLikeRepository; If you want this repository to be a Redis repository, consider annotating your entities with one of these annotations: org.springframework.data.redis.core.RedisHash (preferred), or consider extending one of the following types with your repository: org.springframework.data.keyvalue.repository.KeyValueRepository
2026-07-08T00:16:05.607+07:00  INFO 23280 --- [football-verse-api] [           main] .RepositoryConfigurationExtensionSupport : Spring Data Redis - Could not safely identify store assignment for repository candidate interface com.footballverse.news.NewsSourceRepository; If you want this repository to be a Redis repository, consider annotating your entities with one of these annotations: org.springframework.data.redis.core.RedisHash (preferred), or consider extending one of the following types with your repository: org.springframework.data.keyvalue.repository.KeyValueRepository
2026-07-08T00:16:05.607+07:00  INFO 23280 --- [football-verse-api] [           main] .RepositoryConfigurationExtensionSupport : Spring Data Redis - Could not safely identify store assignment for repository candidate interface com.footballverse.news.NewsTagRepository; If you want this repository to be a Redis repository, consider annotating your entities with one of these annotations: org.springframework.data.redis.core.RedisHash (preferred), or consider extending one of the following types with your repository: org.springframework.data.keyvalue.repository.KeyValueRepository
2026-07-08T00:16:05.608+07:00  INFO 23280 --- [football-verse-api] [           main] .RepositoryConfigurationExtensionSupport : Spring Data Redis - Could not safely identify store assignment for repository candidate interface com.footballverse.notification.NotificationRepository; If you want this repository to be a Redis repository, consider annotating your entities with one of these annotations: org.springframework.data.redis.core.RedisHash (preferred), or consider extending one of the following types with your repository: org.springframework.data.keyvalue.repository.KeyValueRepository
2026-07-08T00:16:05.608+07:00  INFO 23280 --- [football-verse-api] [           main] .RepositoryConfigurationExtensionSupport : Spring Data Redis - Could not safely identify store assignment for repository candidate interface com.footballverse.prediction.FixtureRepository; If you want this repository to be a Redis repository, consider annotating your entities with one of these annotations: org.springframework.data.redis.core.RedisHash (preferred), or consider extending one of the following types with your repository: org.springframework.data.keyvalue.repository.KeyValueRepository
2026-07-08T00:16:05.608+07:00  INFO 23280 --- [football-verse-api] [           main] .RepositoryConfigurationExtensionSupport : Spring Data Redis - Could not safely identify store assignment for repository candidate interface com.footballverse.prediction.PredictionStatsRepository; If you want this repository to be a Redis repository, consider annotating your entities with one of these annotations: org.springframework.data.redis.core.RedisHash (preferred), or consider extending one of the following types with your repository: org.springframework.data.keyvalue.repository.KeyValueRepository
2026-07-08T00:16:05.608+07:00  INFO 23280 --- [football-verse-api] [           main] .RepositoryConfigurationExtensionSupport : Spring Data Redis - Could not safely identify store assignment for repository candidate interface com.footballverse.prediction.UserBadgeRepository; If you want this repository to be a Redis repository, consider annotating your entities with one of these annotations: org.springframework.data.redis.core.RedisHash (preferred), or consider extending one of the following types with your repository: org.springframework.data.keyvalue.repository.KeyValueRepository
2026-07-08T00:16:05.608+07:00  INFO 23280 --- [football-verse-api] [           main] .RepositoryConfigurationExtensionSupport : Spring Data Redis - Could not safely identify store assignment for repository candidate interface com.footballverse.prediction.UserPredictionRepository; If you want this repository to be a Redis repository, consider annotating your entities with one of these annotations: org.springframework.data.redis.core.RedisHash (preferred), or consider extending one of the following types with your repository: org.springframework.data.keyvalue.repository.KeyValueRepository
2026-07-08T00:16:05.608+07:00  INFO 23280 --- [football-verse-api] [           main] .RepositoryConfigurationExtensionSupport : Spring Data Redis - Could not safely identify store assignment for repository candidate interface com.footballverse.user.UserAccountRepository; If you want this repository to be a Redis repository, consider annotating your entities with one of these annotations: org.springframework.data.redis.core.RedisHash (preferred), or consider extending one of the following types with your repository: org.springframework.data.keyvalue.repository.KeyValueRepository
2026-07-08T00:16:05.608+07:00  INFO 23280 --- [football-verse-api] [           main] .RepositoryConfigurationExtensionSupport : Spring Data Redis - Could not safely identify store assignment for repository candidate interface com.footballverse.user.UserProfileRepository; If you want this repository to be a Redis repository, consider annotating your entities with one of these annotations: org.springframework.data.redis.core.RedisHash (preferred), or consider extending one of the following types with your repository: org.springframework.data.keyvalue.repository.KeyValueRepository
2026-07-08T00:16:05.609+07:00  INFO 23280 --- [football-verse-api] [           main] .s.d.r.c.RepositoryConfigurationDelegate : Finished Spring Data repository scanning in 17 ms. Found 0 Redis repository interfaces.
2026-07-08T00:16:13.440+07:00  INFO 23280 --- [football-verse-api] [           main] com.zaxxer.hikari.HikariDataSource       : HikariPool-1 - Starting...
2026-07-08T00:16:13.977+07:00  INFO 23280 --- [football-verse-api] [           main] com.zaxxer.hikari.pool.HikariPool        : HikariPool-1 - Added connection org.postgresql.jdbc.PgConnection@5614ae05
2026-07-08T00:16:13.985+07:00  INFO 23280 --- [football-verse-api] [           main] com.zaxxer.hikari.HikariDataSource       : HikariPool-1 - Start completed.
2026-07-08T00:16:14.070+07:00  INFO 23280 --- [football-verse-api] [           main] org.flywaydb.core.FlywayExecutor         : Database: jdbc:postgresql://127.0.0.1:55432/football_verse (PostgreSQL 16.14)
2026-07-08T00:16:14.415+07:00  INFO 23280 --- [football-verse-api] [           main] o.f.core.internal.command.DbValidate     : Successfully validated 14 migrations (execution time 00:00.290s)
2026-07-08T00:16:14.534+07:00  INFO 23280 --- [football-verse-api] [           main] o.f.core.internal.command.DbMigrate      : Current version of schema "public": 14
2026-07-08T00:16:14.545+07:00  INFO 23280 --- [football-verse-api] [           main] o.f.core.internal.command.DbMigrate      : Schema "public" is up to date. No migration necessary.
2026-07-08T00:16:15.446+07:00  INFO 23280 --- [football-verse-api] [           main] o.hibernate.jpa.internal.util.LogHelper  : HHH000204: Processing PersistenceUnitInfo [name: default]
2026-07-08T00:16:15.696+07:00  INFO 23280 --- [football-verse-api] [           main] org.hibernate.Version                    : HHH000412: Hibernate ORM core version 6.5.3.Final
2026-07-08T00:16:15.792+07:00  INFO 23280 --- [football-verse-api] [           main] o.h.c.internal.RegionFactoryInitiator    : HHH000026: Second-level cache disabled
2026-07-08T00:16:16.164+07:00  INFO 23280 --- [football-verse-api] [           main] o.s.o.j.p.SpringPersistenceUnitInfo      : No LoadTimeWeaver setup: ignoring JPA class transformer
2026-07-08T00:16:19.853+07:00  INFO 23280 --- [football-verse-api] [           main] o.h.e.t.j.p.i.JtaPlatformInitiator       : HHH000489: No JTA platform available (set 'hibernate.transaction.jta.platform' to enable JTA platform integration)
2026-07-08T00:16:19.957+07:00  INFO 23280 --- [football-verse-api] [           main] j.LocalContainerEntityManagerFactoryBean : Initialized JPA EntityManagerFactory for persistence unit 'default'
2026-07-08T00:16:21.762+07:00  INFO 23280 --- [football-verse-api] [           main] o.s.d.j.r.query.QueryEnhancerFactory     : Hibernate is in classpath; If applicable, HQL parser will be used.
2026-07-08T00:16:29.346+07:00  INFO 23280 --- [football-verse-api] [           main] c.f.storage.LocalFileStorage             : Initialized upload directory at: D:\Code\Project\Personal\football-verse\core-service\uploads
2026-07-08T00:16:29.601+07:00  INFO 23280 --- [football-verse-api] [           main] r$InitializeUserDetailsManagerConfigurer : Global AuthenticationManager configured with UserDetailsService bean with name securityUserDetailsService
2026-07-08T00:16:31.688+07:00  INFO 23280 --- [football-verse-api] [           main] c.f.ForumModerationIntegrityTest         : Started ForumModerationIntegrityTest in 27.463 seconds (process running for 28.723)
2026-07-08T00:16:32.948+07:00  INFO 23280 --- [football-verse-api] [           main] c.f.notification.SseNotificationService  : Published real-time notification to Redis for user 179
2026-07-08T00:16:32.966+07:00  INFO 23280 --- [football-verse-api] [           main] c.f.notification.SseNotificationService  : Published real-time notification to Redis for user 180
]]></system-out>
    <system-err><![CDATA[WARNING: A Java agent has been loaded dynamically (C:\Users\bach\.m2\repository\net\bytebuddy\byte-buddy-agent\1.14.19\byte-buddy-agent-1.14.19.jar)
WARNING: If a serviceability tool is in use, please run with -XX:+EnableDynamicAgentLoading to hide this warning
WARNING: If a serviceability tool is not in use, please run with -Djdk.instrument.traceUsage for more information
WARNING: Dynamic loading of agents will be disallowed by default in a future release
]]></system-err>
  </testcase>
  <testcase name="rejectsReportsForMissingTargets" classname="com.footballverse.ForumModerationIntegrityTest" time="0.083"/>
  <testcase name="marksBestAnswerAndClearsIt" classname="com.footballverse.ForumModerationIntegrityTest" time="0.066"/>
  <testcase name="rejectsBestAnswerFromNonAuthor" classname="com.footballverse.ForumModerationIntegrityTest" time="0.058"/>
  <testcase name="topSortUsesReplyVolume" classname="com.footballverse.ForumModerationIntegrityTest" time="0.156"/>
  <testcase name="readsOnlyCurrentUsersNotifications" classname="com.footballverse.ForumModerationIntegrityTest" time="0.126">
    <system-out><![CDATA[2026-07-08T00:16:33.463+07:00  INFO 23280 --- [football-verse-api] [           main] c.f.notification.SseNotificationService  : Published real-time notification to Redis for user 187
2026-07-08T00:16:33.495+07:00  INFO 23280 --- [football-verse-api] [           main] c.f.notification.SseNotificationService  : Published real-time notification to Redis for user 188
]]></system-out>
  </testcase>
  <testcase name="resolvingReportNotifiesReporterWithTargetLink" classname="com.footballverse.ForumModerationIntegrityTest" time="0.045">
    <system-out><![CDATA[2026-07-08T00:16:33.571+07:00  INFO 23280 --- [football-verse-api] [           main] c.f.notification.SseNotificationService  : Published real-time notification to Redis for user 189
]]></system-out>
  </testcase>
  <testcase name="hidesAndRestoresThreadsAndPosts" classname="com.footballverse.ForumModerationIntegrityTest" time="0.084"/>
</testsuite>