<?xml version="1.0" encoding="UTF-8"?>
<testsuite xmlns:xsi="http://www.w3.org/2001/XMLSchema-instance" xsi:noNamespaceSchemaLocation="https://maven.apache.org/surefire/maven-surefire-plugin/xsd/surefire-test-report-3.0.xsd" version="3.0" name="com.footballverse.SearchIntegrationTest" time="1.73" tests="1" errors="0" skipped="0" failures="0">
  <properties>
[...]
</properties>
  <testcase name="testSearchArticlesAndThreadsSuccess" classname="com.footballverse.SearchIntegrationTest" time="0.284">
    <system-out><![CDATA[2026-07-08T00:16:48.334+07:00  INFO 23280 --- [football-verse-api] [           main] t.c.s.AnnotationConfigContextLoaderUtils : Could not detect default configuration classes for test class [com.footballverse.SearchIntegrationTest]: SearchIntegrationTest does not declare any static, non-private, non-final, nested classes annotated with @Configuration.
2026-07-08T00:16:48.337+07:00  INFO 23280 --- [football-verse-api] [           main] .b.t.c.SpringBootTestContextBootstrapper : Found @SpringBootConfiguration com.footballverse.FootballVerseApplication for test class com.footballverse.SearchIntegrationTest

  .   ____          _            __ _ _
 /\\ / ___'_ __ _ _(_)_ __  __ _ \ \ \ \
( ( )\___ | '_ | '_| | '_ \/ _` | \ \ \ \
 \\/  ___)| |_)| | | | | || (_| |  ) ) ) )
  '  |____| .__|_| |_|_| |_\__, | / / / /
 =========|_|==============|___/=/_/_/_/

 :: Spring Boot ::                (v3.3.7)

2026-07-08T00:16:48.363+07:00  INFO 23280 --- [football-verse-api] [           main] c.footballverse.SearchIntegrationTest    : Starting SearchIntegrationTest using Java 26.0.1 with PID 23280 (started by bach in D:\Code\Project\Personal\football-verse\core-service)
2026-07-08T00:16:48.364+07:00  INFO 23280 --- [football-verse-api] [           main] c.footballverse.SearchIntegrationTest    : No active profile set, falling back to 1 default profile: "default"
2026-07-08T00:16:48.365+07:00 TRACE 23280 --- [football-verse-api] [           main] o.s.w.c.s.GenericWebApplicationContext   : Refreshing org.springframework.web.context.support.GenericWebApplicationContext@4f86d1a2, started on Wed Jul 08 00:16:48 GMT+07:00 2026
2026-07-08T00:16:48.467+07:00  INFO 23280 --- [football-verse-api] [           main] .s.d.r.c.RepositoryConfigurationDelegate : Multiple Spring Data modules found, entering strict repository configuration mode
2026-07-08T00:16:48.467+07:00  INFO 23280 --- [football-verse-api] [           main] .s.d.r.c.RepositoryConfigurationDelegate : Bootstrapping Spring Data JPA repositories in DEFAULT mode.
2026-07-08T00:16:48.493+07:00  INFO 23280 --- [football-verse-api] [           main] .s.d.r.c.RepositoryConfigurationDelegate : Finished Spring Data repository scanning in 25 ms. Found 22 JPA repository interfaces.
2026-07-08T00:16:48.496+07:00  INFO 23280 --- [football-verse-api] [           main] .s.d.r.c.RepositoryConfigurationDelegate : Multiple Spring Data modules found, entering strict repository configuration mode
2026-07-08T00:16:48.496+07:00  INFO 23280 --- [football-verse-api] [           main] .s.d.r.c.RepositoryConfigurationDelegate : Bootstrapping Spring Data Redis repositories in DEFAULT mode.
2026-07-08T00:16:48.503+07:00  INFO 23280 --- [football-verse-api] [           main] .RepositoryConfigurationExtensionSupport : Spring Data Redis - Could not safely identify store assignment for repository candidate interface com.footballverse.auth.RefreshTokenRepository; If you want this repository to be a Redis repository, consider annotating your entities with one of these annotations: org.springframework.data.redis.core.RedisHash (preferred), or consider extending one of the following types with your repository: org.springframework.data.keyvalue.repository.KeyValueRepository
2026-07-08T00:16:48.503+07:00  INFO 23280 --- [football-verse-api] [           main] .RepositoryConfigurationExtensionSupport : Spring Data Redis - Could not safely identify store assignment for repository candidate interface com.footballverse.forum.ForumCategoryRepository; If you want this repository to be a Redis repository, consider annotating your entities with one of these annotations: org.springframework.data.redis.core.RedisHash (preferred), or consider extending one of the following types with your repository: org.springframework.data.keyvalue.repository.KeyValueRepository
2026-07-08T00:16:48.503+07:00  INFO 23280 --- [football-verse-api] [           main] .RepositoryConfigurationExtensionSupport : Spring Data Redis - Could not safely identify store assignment for repository candidate interface com.footballverse.forum.ForumPostLikeRepository; If you want this repository to be a Redis repository, consider annotating your entities with one of these annotations: org.springframework.data.redis.core.RedisHash (preferred), or consider extending one of the following types with your repository: org.springframework.data.keyvalue.repository.KeyValueRepository
2026-07-08T00:16:48.503+07:00  INFO 23280 --- [football-verse-api] [           main] .RepositoryConfigurationExtensionSupport : Spring Data Redis - Could not safely identify store assignment for repository candidate interface com.footballverse.forum.ForumPostRepository; If you want this repository to be a Redis repository, consider annotating your entities with one of these annotations: org.springframework.data.redis.core.RedisHash (preferred), or consider extending one of the following types with your repository: org.springframework.data.keyvalue.repository.KeyValueRepository
2026-07-08T00:16:48.503+07:00  INFO 23280 --- [football-verse-api] [           main] .RepositoryConfigurationExtensionSupport : Spring Data Redis - Could not safely identify store assignment for repository candidate interface com.footballverse.forum.ForumReportRepository; If you want this repository to be a Redis repository, consider annotating your entities with one of these annotations: org.springframework.data.redis.core.RedisHash (preferred), or consider extending one of the following types with your repository: org.springframework.data.keyvalue.repository.KeyValueRepository
2026-07-08T00:16:48.503+07:00  INFO 23280 --- [football-verse-api] [           main] .RepositoryConfigurationExtensionSupport : Spring Data Redis - Could not safely identify store assignment for repository candidate interface com.footballverse.forum.ForumThreadFollowRepository; If you want this repository to be a Redis repository, consider annotating your entities with one of these annotations: org.springframework.data.redis.core.RedisHash (preferred), or consider extending one of the following types with your repository: org.springframework.data.keyvalue.repository.KeyValueRepository
2026-07-08T00:16:48.503+07:00  INFO 23280 --- [football-verse-api] [           main] .RepositoryConfigurationExtensionSupport : Spring Data Redis - Could not safely identify store assignment for repository candidate interface com.footballverse.forum.ForumThreadRepository; If you want this repository to be a Redis repository, consider annotating your entities with one of these annotations: org.springframework.data.redis.core.RedisHash (preferred), or consider extending one of the following types with your repository: org.springframework.data.keyvalue.repository.KeyValueRepository
2026-07-08T00:16:48.503+07:00  INFO 23280 --- [football-verse-api] [           main] .RepositoryConfigurationExtensionSupport : Spring Data Redis - Could not safely identify store assignment for repository candidate interface com.footballverse.news.NewsArticleRepository; If you want this repository to be a Redis repository, consider annotating your entities with one of these annotations: org.springframework.data.redis.core.RedisHash (preferred), or consider extending one of the following types with your repository: org.springframework.data.keyvalue.repository.KeyValueRepository
2026-07-08T00:16:48.503+07:00  INFO 23280 --- [football-verse-api] [           main] .RepositoryConfigurationExtensionSupport : Spring Data Redis - Could not safely identify store assignment for repository candidate interface com.footballverse.news.NewsBookmarkRepository; If you want this repository to be a Redis repository, consider annotating your entities with one of these annotations: org.springframework.data.redis.core.RedisHash (preferred), or consider extending one of the following types with your repository: org.springframework.data.keyvalue.repository.KeyValueRepository
2026-07-08T00:16:48.503+07:00  INFO 23280 --- [football-verse-api] [           main] .RepositoryConfigurationExtensionSupport : Spring Data Redis - Could not safely identify store assignment for repository candidate interface com.footballverse.news.NewsCategoryRepository; If you want this repository to be a Redis repository, consider annotating your entities with one of these annotations: org.springframework.data.redis.core.RedisHash (preferred), or consider extending one of the following types with your repository: org.springframework.data.keyvalue.repository.KeyValueRepository
2026-07-08T00:16:48.503+07:00  INFO 23280 --- [football-verse-api] [           main] .RepositoryConfigurationExtensionSupport : Spring Data Redis - Could not safely identify store assignment for repository candidate interface com.footballverse.news.NewsCommentLikeRepository; If you want this repository to be a Redis repository, consider annotating your entities with one of these annotations: org.springframework.data.redis.core.RedisHash (preferred), or consider extending one of the following types with your repository: org.springframework.data.keyvalue.repository.KeyValueRepository
2026-07-08T00:16:48.503+07:00  INFO 23280 --- [football-verse-api] [           main] .RepositoryConfigurationExtensionSupport : Spring Data Redis - Could not safely identify store assignment for repository candidate interface com.footballverse.news.NewsCommentRepository; If you want this repository to be a Redis repository, consider annotating your entities with one of these annotations: org.springframework.data.redis.core.RedisHash (preferred), or consider extending one of the following types with your repository: org.springframework.data.keyvalue.repository.KeyValueRepository
2026-07-08T00:16:48.503+07:00  INFO 23280 --- [football-verse-api] [           main] .RepositoryConfigurationExtensionSupport : Spring Data Redis - Could not safely identify store assignment for repository candidate interface com.footballverse.news.NewsLikeRepository; If you want this repository to be a Redis repository, consider annotating your entities with one of these annotations: org.springframework.data.redis.core.RedisHash (preferred), or consider extending one of the following types with your repository: org.springframework.data.keyvalue.repository.KeyValueRepository
2026-07-08T00:16:48.503+07:00  INFO 23280 --- [football-verse-api] [           main] .RepositoryConfigurationExtensionSupport : Spring Data Redis - Could not safely identify store assignment for repository candidate interface com.footballverse.news.NewsSourceRepository; If you want this repository to be a Redis repository, consider annotating your entities with one of these annotations: org.springframework.data.redis.core.RedisHash (preferred), or consider extending one of the following types with your repository: org.springframework.data.keyvalue.repository.KeyValueRepository
2026-07-08T00:16:48.503+07:00  INFO 23280 --- [football-verse-api] [           main] .RepositoryConfigurationExtensionSupport : Spring Data Redis - Could not safely identify store assignment for repository candidate interface com.footballverse.news.NewsTagRepository; If you want this repository to be a Redis repository, consider annotating your entities with one of these annotations: org.springframework.data.redis.core.RedisHash (preferred), or consider extending one of the following types with your repository: org.springframework.data.keyvalue.repository.KeyValueRepository
2026-07-08T00:16:48.503+07:00  INFO 23280 --- [football-verse-api] [           main] .RepositoryConfigurationExtensionSupport : Spring Data Redis - Could not safely identify store assignment for repository candidate interface com.footballverse.notification.NotificationRepository; If you want this repository to be a Redis repository, consider annotating your entities with one of these annotations: org.springframework.data.redis.core.RedisHash (preferred), or consider extending one of the following types with your repository: org.springframework.data.keyvalue.repository.KeyValueRepository
2026-07-08T00:16:48.503+07:00  INFO 23280 --- [football-verse-api] [           main] .RepositoryConfigurationExtensionSupport : Spring Data Redis - Could not safely identify store assignment for repository candidate interface com.footballverse.prediction.FixtureRepository; If you want this repository to be a Redis repository, consider annotating your entities with one of these annotations: org.springframework.data.redis.core.RedisHash (preferred), or consider extending one of the following types with your repository: org.springframework.data.keyvalue.repository.KeyValueRepository
2026-07-08T00:16:48.503+07:00  INFO 23280 --- [football-verse-api] [           main] .RepositoryConfigurationExtensionSupport : Spring Data Redis - Could not safely identify store assignment for repository candidate interface com.footballverse.prediction.PredictionStatsRepository; If you want this repository to be a Redis repository, consider annotating your entities with one of these annotations: org.springframework.data.redis.core.RedisHash (preferred), or consider extending one of the following types with your repository: org.springframework.data.keyvalue.repository.KeyValueRepository
2026-07-08T00:16:48.503+07:00  INFO 23280 --- [football-verse-api] [           main] .RepositoryConfigurationExtensionSupport : Spring Data Redis - Could not safely identify store assignment for repository candidate interface com.footballverse.prediction.UserBadgeRepository; If you want this repository to be a Redis repository, consider annotating your entities with one of these annotations: org.springframework.data.redis.core.RedisHash (preferred), or consider extending one of the following types with your repository: org.springframework.data.keyvalue.repository.KeyValueRepository
2026-07-08T00:16:48.503+07:00  INFO 23280 --- [football-verse-api] [           main] .RepositoryConfigurationExtensionSupport : Spring Data Redis - Could not safely identify store assignment for repository candidate interface com.footballverse.prediction.UserPredictionRepository; If you want this repository to be a Redis repository, consider annotating your entities with one of these annotations: org.springframework.data.redis.core.RedisHash (preferred), or consider extending one of the following types with your repository: org.springframework.data.keyvalue.repository.KeyValueRepository
2026-07-08T00:16:48.503+07:00  INFO 23280 --- [football-verse-api] [           main] .RepositoryConfigurationExtensionSupport : Spring Data Redis - Could not safely identify store assignment for repository candidate interface com.footballverse.user.UserAccountRepository; If you want this repository to be a Redis repository, consider annotating your entities with one of these annotations: org.springframework.data.redis.core.RedisHash (preferred), or consider extending one of the following types with your repository: org.springframework.data.keyvalue.repository.KeyValueRepository
2026-07-08T00:16:48.503+07:00  INFO 23280 --- [football-verse-api] [           main] .RepositoryConfigurationExtensionSupport : Spring Data Redis - Could not safely identify store assignment for repository candidate interface com.footballverse.user.UserProfileRepository; If you want this repository to be a Redis repository, consider annotating your entities with one of these annotations: org.springframework.data.redis.core.RedisHash (preferred), or consider extending one of the following types with your repository: org.springframework.data.keyvalue.repository.KeyValueRepository
2026-07-08T00:16:48.503+07:00  INFO 23280 --- [football-verse-api] [           main] .s.d.r.c.RepositoryConfigurationDelegate : Finished Spring Data repository scanning in 6 ms. Found 0 Redis repository interfaces.
2026-07-08T00:16:48.574+07:00 TRACE 23280 --- [football-verse-api] [           main] o.s.w.c.s.GenericWebApplicationContext   : No 'messageSource' bean, using [Empty MessageSource]
2026-07-08T00:16:48.574+07:00 TRACE 23280 --- [football-verse-api] [           main] o.s.w.c.s.GenericWebApplicationContext   : No 'applicationEventMulticaster' bean, using [SimpleApplicationEventMulticaster]
2026-07-08T00:16:48.610+07:00  INFO 23280 --- [football-verse-api] [           main] com.zaxxer.hikari.HikariDataSource       : HikariPool-5 - Starting...
2026-07-08T00:16:48.628+07:00  INFO 23280 --- [football-verse-api] [           main] com.zaxxer.hikari.pool.HikariPool        : HikariPool-5 - Added connection org.postgresql.jdbc.PgConnection@5b16e61
2026-07-08T00:16:48.629+07:00  INFO 23280 --- [football-verse-api] [           main] com.zaxxer.hikari.HikariDataSource       : HikariPool-5 - Start completed.
2026-07-08T00:16:48.633+07:00  INFO 23280 --- [football-verse-api] [           main] org.flywaydb.core.FlywayExecutor         : Database: jdbc:postgresql://127.0.0.1:55432/football_verse (PostgreSQL 16.14)
2026-07-08T00:16:48.662+07:00  INFO 23280 --- [football-verse-api] [           main] o.f.core.internal.command.DbValidate     : Successfully validated 14 migrations (execution time 00:00.015s)
2026-07-08T00:16:48.688+07:00  INFO 23280 --- [football-verse-api] [           main] o.f.core.internal.command.DbMigrate      : Current version of schema "public": 14
2026-07-08T00:16:48.690+07:00  INFO 23280 --- [football-verse-api] [           main] o.f.core.internal.command.DbMigrate      : Schema "public" is up to date. No migration necessary.
2026-07-08T00:16:48.714+07:00  INFO 23280 --- [football-verse-api] [           main] o.hibernate.jpa.internal.util.LogHelper  : HHH000204: Processing PersistenceUnitInfo [name: default]
2026-07-08T00:16:48.715+07:00  INFO 23280 --- [football-verse-api] [           main] o.h.c.internal.RegionFactoryInitiator    : HHH000026: Second-level cache disabled
2026-07-08T00:16:48.722+07:00  INFO 23280 --- [football-verse-api] [           main] o.s.o.j.p.SpringPersistenceUnitInfo      : No LoadTimeWeaver setup: ignoring JPA class transformer
2026-07-08T00:16:48.933+07:00  INFO 23280 --- [football-verse-api] [           main] o.h.e.t.j.p.i.JtaPlatformInitiator       : HHH000489: No JTA platform available (set 'hibernate.transaction.jta.platform' to enable JTA platform integration)
2026-07-08T00:16:48.964+07:00  INFO 23280 --- [football-verse-api] [           main] j.LocalContainerEntityManagerFactoryBean : Initialized JPA EntityManagerFactory for persistence unit 'default'
2026-07-08T00:16:49.218+07:00  INFO 23280 --- [football-verse-api] [           main] c.f.storage.LocalFileStorage             : Initialized upload directory at: D:\Code\Project\Personal\football-verse\core-service\target\test-uploads
2026-07-08T00:16:49.235+07:00 TRACE 23280 --- [football-verse-api] [           main] eGlobalAuthenticationAutowiredConfigurer : Eagerly initializing {org.springframework.boot.autoconfigure.security.servlet.SpringBootWebSecurityConfiguration$WebSecurityEnablerConfiguration=org.springframework.boot.autoconfigure.security.servlet.SpringBootWebSecurityConfiguration$WebSecurityEnablerConfiguration@727e5f3e}
2026-07-08T00:16:49.235+07:00  INFO 23280 --- [football-verse-api] [           main] r$InitializeUserDetailsManagerConfigurer : Global AuthenticationManager configured with UserDetailsService bean with name securityUserDetailsService
2026-07-08T00:16:49.249+07:00 TRACE 23280 --- [football-verse-api] [           main] s.w.s.m.m.a.RequestMappingHandlerMapping : 
	c.f.a.AuthController:
	{POST [/auth/register]}: register(RegisterRequest)
	{GET [/auth/me]}: me()
	{POST [/auth/refresh]}: refresh(RefreshTokenRequest)
	{POST [/auth/login]}: login(LoginRequest)
	{POST [/auth/logout]}: logout(RefreshTokenRequest)
	{POST [/auth/google]}: googleLogin(GoogleAuthRequest)
2026-07-08T00:16:49.250+07:00 TRACE 23280 --- [football-verse-api] [           main] s.w.s.m.m.a.RequestMappingHandlerMapping : 
	c.f.c.a.AdminDashboardController:
	{GET [/admin/dashboard/stats]}: getStats()
	{GET [/admin/dashboard/user-growth]}: getUserGrowth()
2026-07-08T00:16:49.250+07:00 TRACE 23280 --- [football-verse-api] [           main] s.w.s.m.m.a.RequestMappingHandlerMapping : 
	c.f.c.a.AdminForumController:
	{PATCH [/admin/forum/threads/{id}/pin]}: pin(Long,boolean)
	{PATCH [/admin/forum/reports/{id}/resolve]}: resolve(Long)
	{PATCH [/admin/forum/threads/{id}/lock]}: lock(Long,boolean)
	{PATCH [/admin/forum/posts/{id}/hide]}: hidePost(Long,boolean)
	{GET [/admin/forum/reports]}: reports()
	{POST [/admin/forum/categories]}: createCategory(ForumCategoryRequest)
	{PATCH [/admin/forum/threads/{id}/hide]}: hide(Long,boolean)
2026-07-08T00:16:49.252+07:00 TRACE 23280 --- [football-verse-api] [           main] s.w.s.m.m.a.RequestMappingHandlerMapping : 
	c.f.c.a.AdminNewsController:
	{PUT [/admin/news/{id}]}: update(Long,NewsArticleRequest)
	{POST [/admin/news]}: create(NewsArticleRequest)
	{GET [/admin/news/meta/counts]}: counts(String,Long,String,String)
	{DELETE [/admin/news/{id}]}: delete(Long)
	{GET [/admin/news/{id}]}: detail(Long)
	{GET [/admin/news/sources]}: sources()
	{GET [/admin/news]}: articles(int,int,ArticleStatus,String,Long,String,String)
	{GET [/admin/news/categories]}: categories()
	{POST [/admin/news/categories]}: createCategory(NewsCategoryRequest)
	{PATCH [/admin/news/{id}/status]}: updateStatus(Long,ArticleStatusRequest)
	{POST [/admin/news/crawl]}: crawl()
	{PATCH [/admin/news/sources/{id}/toggle]}: toggleSource(Long)
	{POST [/admin/news/sources]}: createSource(NewsSourceRequest)
	{DELETE [/admin/news/sources/{id}]}: deleteSource(Long)
2026-07-08T00:16:49.253+07:00 TRACE 23280 --- [football-verse-api] [           main] s.w.s.m.m.a.RequestMappingHandlerMapping : 
	c.f.c.a.AdminUserController:
	{PATCH [/admin/users/{id}/status]}: status(Long,UpdateUserStatusRequest)
	{GET [/admin/users]}: users()
2026-07-08T00:16:49.253+07:00 TRACE 23280 --- [football-verse-api] [           main] s.w.s.m.m.a.RequestMappingHandlerMapping : 
	c.f.c.m.ModeratorDashboardController:
	{GET [/moderator/dashboard/stats]}: getStats()
2026-07-08T00:16:49.254+07:00 TRACE 23280 --- [football-verse-api] [           main] s.w.s.m.m.a.RequestMappingHandlerMapping : 
	c.f.c.m.ModeratorForumController:
	{PATCH [/moderator/forum/threads/{id}/pin]}: pin(Long,boolean)
	{PATCH [/moderator/forum/reports/{id}/resolve]}: resolve(Long)
	{PATCH [/moderator/forum/threads/{id}/lock]}: lock(Long,boolean)
	{PATCH [/moderator/forum/posts/{id}/hide]}: hidePost(Long,boolean)
	{GET [/moderator/forum/reports]}: reports()
	{PATCH [/moderator/forum/threads/{id}/hide]}: hide(Long,boolean)
2026-07-08T00:16:49.255+07:00 TRACE 23280 --- [football-verse-api] [           main] s.w.s.m.m.a.RequestMappingHandlerMapping : 
	c.f.f.ForumController:
	{GET [/forum/threads/{slug}]}: thread(String)
	{GET [/forum/categories/{slug}/threads]}: threads(String,int,int,String)
	{POST [/forum/categories/{slug}/threads]}: createThread(String,ThreadRequest)
	{POST [/forum/reports]}: report(ReportRequest)
	{POST [/forum/threads/{id}/best-answer]}: markBestAnswer(Long,BestAnswerRequest)
	{DELETE [/forum/threads/{id}/best-answer]}: clearBestAnswer(Long)
	{POST [/forum/threads/{id}/replies]}: reply(Long,ReplyRequest)
	{GET [/forum/categories]}: categories()
	{POST [/forum/threads/{id}/follow]}: follow(Long)
	{POST [/forum/posts/{id}/like]}: likePost(Long)
2026-07-08T00:16:49.256+07:00 TRACE 23280 --- [football-verse-api] [           main] s.w.s.m.m.a.RequestMappingHandlerMapping : 
	c.f.n.InternalNewsController:
	{POST [/internal/news/import]}: importArticle(String,InternalArticleImportRequest)
	{GET [/internal/news/check-status]}: checkArticleStatus(String,String)
	{GET [/internal/news-sources]}: getActiveSources(String)
2026-07-08T00:16:49.256+07:00 TRACE 23280 --- [football-verse-api] [           main] s.w.s.m.m.a.RequestMappingHandlerMapping : 
	c.f.n.NewsController:
	{GET [/news]}: list(List,List,int,int)
	{GET [/news/{slug}/comments]}: comments(String)
	{POST [/news/{id}/comments]}: comment(Long,CommentRequest)
	{GET [/news/tags]}: tags()
	{GET [/news/{slug}]}: detail(String)
	{POST [/news/{id}/like]}: like(Long)
	{POST [/news/{id}/bookmark]}: bookmark(Long)
	{GET [/news/categories]}: categories()
	{POST [/news/comments/{id}/like]}: likeComment(Long)
2026-07-08T00:16:49.258+07:00 TRACE 23280 --- [football-verse-api] [           main] s.w.s.m.m.a.RequestMappingHandlerMapping : 
	c.f.n.NotificationController:
	{PATCH [/notifications/{id}/read]}: read(Long)
	{PATCH [/notifications/read-all]}: readAll()
	{GET [/notifications]}: mine()
2026-07-08T00:16:49.258+07:00 TRACE 23280 --- [football-verse-api] [           main] s.w.s.m.m.a.RequestMappingHandlerMapping : 
	c.f.n.SseNotificationController:
	{GET [/api/v1/notifications/stream], produces [text/event-stream]}: streamNotifications(String)
2026-07-08T00:16:49.259+07:00 TRACE 23280 --- [football-verse-api] [           main] s.w.s.m.m.a.RequestMappingHandlerMapping : 
	c.f.p.MatchesController:
	{GET [/matches/centre]}: matchCentre(String,String)
2026-07-08T00:16:49.259+07:00 TRACE 23280 --- [football-verse-api] [           main] s.w.s.m.m.a.RequestMappingHandlerMapping : 
	c.f.p.PredictionController:
	{GET [/predictions/fixtures]}: fixtures(String)
	{GET [/predictions/stats]}: stats()
	{GET [/predictions/leaderboard]}: leaderboard(String)
	{POST [/predictions/{fixtureId}]}: predict(Long,PredictionRequest)
	{GET [/predictions/match-centre]}: matchCentre(String,String)
	{GET [/predictions/mine]}: myPredictions(String)
2026-07-08T00:16:49.260+07:00 TRACE 23280 --- [football-verse-api] [           main] s.w.s.m.m.a.RequestMappingHandlerMapping : 
	c.f.s.SearchController:
	{GET [/search]}: search(String,int,int)
2026-07-08T00:16:49.260+07:00 TRACE 23280 --- [football-verse-api] [           main] s.w.s.m.m.a.RequestMappingHandlerMapping : 
	c.f.s.UploadController:
	{POST [/uploads]}: uploadFile(MultipartFile)
	{GET [/uploads/{filename:.+}]}: serveFile(String)
2026-07-08T00:16:49.261+07:00 TRACE 23280 --- [football-verse-api] [           main] s.w.s.m.m.a.RequestMappingHandlerMapping : 
	c.f.u.UserController:
	{GET [/users/me/profile]}: profile()
	{PATCH [/users/me/profile]}: updateProfile(ProfileRequest)
	{GET [/users/me/following-threads]}: followingThreads()
2026-07-08T00:16:49.262+07:00 TRACE 23280 --- [football-verse-api] [           main] s.w.s.m.m.a.RequestMappingHandlerMapping : 
	o.s.b.a.w.s.e.BasicErrorController:
	{ [/error]}: error(HttpServletRequest)
	{ [/error], produces [text/html]}: errorHtml(HttpServletRequest,HttpServletResponse)
2026-07-08T00:16:49.263+07:00 DEBUG 23280 --- [football-verse-api] [           main] s.w.s.m.m.a.RequestMappingHandlerMapping : 79 mappings in 'requestMappingHandlerMapping'
2026-07-08T00:16:49.268+07:00 DEBUG 23280 --- [football-verse-api] [           main] o.s.w.s.h.BeanNameUrlHandlerMapping      : Detected 0 mappings in 'beanNameHandlerMapping'
2026-07-08T00:16:49.277+07:00 TRACE 23280 --- [football-verse-api] [           main] o.s.w.s.f.support.RouterFunctionMapping  : 0 RouterFunction(s) in 'routerFunctionMapping'
2026-07-08T00:16:49.280+07:00 TRACE 23280 --- [football-verse-api] [           main] o.s.w.s.handler.SimpleUrlHandlerMapping  : Mapped [/webjars/**] onto ResourceHttpRequestHandler [classpath [META-INF/resources/webjars/]]
2026-07-08T00:16:49.280+07:00 TRACE 23280 --- [football-verse-api] [           main] o.s.w.s.handler.SimpleUrlHandlerMapping  : Mapped [/**] onto ResourceHttpRequestHandler [classpath [META-INF/resources/], classpath [resources/], classpath [static/], classpath [public/], ServletContext [/]]
2026-07-08T00:16:49.280+07:00 DEBUG 23280 --- [football-verse-api] [           main] o.s.w.s.handler.SimpleUrlHandlerMapping  : Patterns [/webjars/**, /**] in 'resourceHandlerMapping'
2026-07-08T00:16:49.293+07:00 DEBUG 23280 --- [football-verse-api] [           main] o.s.s.web.DefaultSecurityFilterChain     : Will secure any request with filters: DisableEncodeUrlFilter, WebAsyncManagerIntegrationFilter, SecurityContextHolderFilter, HeaderWriterFilter, CorsFilter, LogoutFilter, JwtAuthenticationFilter, RequestCacheAwareFilter, SecurityContextHolderAwareRequestFilter, AnonymousAuthenticationFilter, SessionManagementFilter, ExceptionTranslationFilter, AuthorizationFilter
2026-07-08T00:16:49.351+07:00 DEBUG 23280 --- [football-verse-api] [           main] s.w.s.m.m.a.RequestMappingHandlerAdapter : ControllerAdvice beans: 0 @ModelAttribute, 0 @InitBinder, 1 RequestBodyAdvice, 1 ResponseBodyAdvice
2026-07-08T00:16:49.358+07:00 DEBUG 23280 --- [football-verse-api] [           main] .m.m.a.ExceptionHandlerExceptionResolver : ControllerAdvice beans: 1 @ExceptionHandler, 1 ResponseBodyAdvice
2026-07-08T00:16:49.493+07:00  INFO 23280 --- [football-verse-api] [           main] o.s.b.t.m.w.SpringBootMockServletContext : Initializing Spring TestDispatcherServlet ''
2026-07-08T00:16:49.498+07:00  INFO 23280 --- [football-verse-api] [           main] o.s.t.web.servlet.TestDispatcherServlet  : Initializing Servlet ''
2026-07-08T00:16:49.505+07:00  INFO 23280 --- [football-verse-api] [           main] o.s.t.web.servlet.TestDispatcherServlet  : Completed initialization in 7 ms
2026-07-08T00:16:49.521+07:00 TRACE 23280 --- [football-verse-api] [           main] o.s.w.c.s.GenericWebApplicationContext   : Using LifecycleProcessor [org.springframework.context.support.DefaultLifecycleProcessor@19a6216c]
2026-07-08T00:16:49.531+07:00  INFO 23280 --- [football-verse-api] [           main] c.footballverse.SearchIntegrationTest    : Started SearchIntegrationTest in 1.188 seconds (process running for 46.566)
2026-07-08T00:16:49.816+07:00 TRACE 23280 --- [football-verse-api] [           main] o.s.security.web.FilterChainProxy        : Trying to match request against DefaultSecurityFilterChain [RequestMatcher=any request, Filters=[org.springframework.security.web.session.DisableEncodeUrlFilter@f42b5c3, org.springframework.security.web.context.request.async.WebAsyncManagerIntegrationFilter@56cd6848, org.springframework.security.web.context.SecurityContextHolderFilter@57a7f10e, org.springframework.security.web.header.HeaderWriterFilter@49cf151f, org.springframework.web.filter.CorsFilter@2c5a3326, org.springframework.security.web.authentication.logout.LogoutFilter@6c91e939, com.footballverse.security.JwtAuthenticationFilter@2cc6a144, org.springframework.security.web.savedrequest.RequestCacheAwareFilter@314f54bd, org.springframework.security.web.servletapi.SecurityContextHolderAwareRequestFilter@99c866, org.springframework.security.web.authentication.AnonymousAuthenticationFilter@314d23e0, org.springframework.security.web.session.SessionManagementFilter@7daf3c9d, org.springframework.security.web.access.ExceptionTranslationFilter@4a858176, org.springframework.security.web.access.intercept.AuthorizationFilter@69a484c2]] (1/1)
2026-07-08T00:16:49.816+07:00 DEBUG 23280 --- [football-verse-api] [           main] o.s.security.web.FilterChainProxy        : Securing GET /search
2026-07-08T00:16:49.816+07:00 TRACE 23280 --- [football-verse-api] [           main] o.s.security.web.FilterChainProxy        : Invoking DisableEncodeUrlFilter (1/13)
2026-07-08T00:16:49.816+07:00 TRACE 23280 --- [football-verse-api] [           main] o.s.security.web.FilterChainProxy        : Invoking WebAsyncManagerIntegrationFilter (2/13)
2026-07-08T00:16:49.816+07:00 TRACE 23280 --- [football-verse-api] [           main] o.s.security.web.FilterChainProxy        : Invoking SecurityContextHolderFilter (3/13)
2026-07-08T00:16:49.816+07:00 TRACE 23280 --- [football-verse-api] [           main] o.s.security.web.FilterChainProxy        : Invoking HeaderWriterFilter (4/13)
2026-07-08T00:16:49.817+07:00 TRACE 23280 --- [football-verse-api] [           main] o.s.security.web.FilterChainProxy        : Invoking CorsFilter (5/13)
2026-07-08T00:16:49.817+07:00 TRACE 23280 --- [football-verse-api] [           main] o.s.security.web.FilterChainProxy        : Invoking LogoutFilter (6/13)
2026-07-08T00:16:49.817+07:00 TRACE 23280 --- [football-verse-api] [           main] o.s.s.w.a.logout.LogoutFilter            : Did not match request to Or [Ant [pattern='/logout', GET], Ant [pattern='/logout', POST], Ant [pattern='/logout', PUT], Ant [pattern='/logout', DELETE]]
2026-07-08T00:16:49.817+07:00 TRACE 23280 --- [football-verse-api] [           main] o.s.security.web.FilterChainProxy        : Invoking JwtAuthenticationFilter (7/13)
2026-07-08T00:16:49.817+07:00 TRACE 23280 --- [football-verse-api] [           main] o.s.security.web.FilterChainProxy        : Invoking RequestCacheAwareFilter (8/13)
2026-07-08T00:16:49.817+07:00 TRACE 23280 --- [football-verse-api] [           main] o.s.security.web.FilterChainProxy        : Invoking SecurityContextHolderAwareRequestFilter (9/13)
2026-07-08T00:16:49.817+07:00 TRACE 23280 --- [football-verse-api] [           main] o.s.security.web.FilterChainProxy        : Invoking AnonymousAuthenticationFilter (10/13)
2026-07-08T00:16:49.817+07:00 TRACE 23280 --- [football-verse-api] [           main] o.s.security.web.FilterChainProxy        : Invoking SessionManagementFilter (11/13)
2026-07-08T00:16:49.817+07:00 TRACE 23280 --- [football-verse-api] [           main] .s.s.w.c.SupplierDeferredSecurityContext : Created SecurityContextImpl [Null authentication]
2026-07-08T00:16:49.817+07:00 TRACE 23280 --- [football-verse-api] [           main] o.s.s.w.a.AnonymousAuthenticationFilter  : Set SecurityContextHolder to AnonymousAuthenticationToken [Principal=anonymousUser, Credentials=[PROTECTED], Authenticated=true, Details=WebAuthenticationDetails [RemoteIpAddress=127.0.0.1, SessionId=null], Granted Authorities=[ROLE_ANONYMOUS]]
2026-07-08T00:16:49.817+07:00 TRACE 23280 --- [football-verse-api] [           main] o.s.security.web.FilterChainProxy        : Invoking ExceptionTranslationFilter (12/13)
2026-07-08T00:16:49.817+07:00 TRACE 23280 --- [football-verse-api] [           main] o.s.security.web.FilterChainProxy        : Invoking AuthorizationFilter (13/13)
2026-07-08T00:16:49.817+07:00 TRACE 23280 --- [football-verse-api] [           main] estMatcherDelegatingAuthorizationManager : Authorizing GET /search
2026-07-08T00:16:49.818+07:00 TRACE 23280 --- [football-verse-api] [           main] estMatcherDelegatingAuthorizationManager : Checking authorization on GET /search using org.springframework.security.config.annotation.web.configurers.AuthorizeHttpRequestsConfigurer$$Lambda/0x0000000008d339f0@5aa5aa7d
2026-07-08T00:16:49.818+07:00 DEBUG 23280 --- [football-verse-api] [           main] o.s.security.web.FilterChainProxy        : Secured GET /search
2026-07-08T00:16:49.818+07:00 TRACE 23280 --- [football-verse-api] [           main] s.w.s.m.m.a.RequestMappingHandlerMapping : Mapped to com.footballverse.search.SearchController#search(String, int, int)
2026-07-08T00:16:49.827+07:00 TRACE 23280 --- [football-verse-api] [           main] o.s.web.method.HandlerMethod             : Arguments: [kante, 0, 20]
2026-07-08T00:16:49.909+07:00 DEBUG 23280 --- [football-verse-api] [           main] m.m.a.RequestResponseBodyMethodProcessor : Using 'application/json', given [*/*] and supported [application/json, application/*+json]
2026-07-08T00:16:49.955+07:00 TRACE 23280 --- [football-verse-api] [           main] m.m.a.RequestResponseBodyMethodProcessor : Writing [ApiResponse[success=true, message=Request successful, data=SearchResponse[news=PageResponse[content=[NewsArticleResponse[id=102, title=Kante makes a stunning recovery, slug=kante-makes-recovery, summary=null, content=The midfielder played exceptionally well today., status=PUBLISHED, category=null, tags=[], likes=0, bookmarks=0, publishedAt=null, liked=false, bookmarked=false]], page=0, size=20, totalElements=1, totalPages=1], forum=PageResponse[content=[ThreadResponse[id=66, title=Is Kante the best midfielder ever?, slug=is-kante-the-best, categoryName=Tactic Discussion, categorySlug=tactic-discussion, authorUsername=searcherUser, pinned=false, locked=false, createdAt=2026-07-07T17:16:49.804621200Z, solved=false, bestAnswerPostId=null, followed=false, replyCount=0, lastActivityAt=2026-07-07T17:16:49.804621200Z]], page=0, size=20, totalElements=1, totalPages=1]], timestamp=2026-07-07T17:16:49.903718500Z]]
2026-07-08T00:16:50.026+07:00 TRACE 23280 --- [football-verse-api] [           main] o.s.s.w.header.writers.HstsHeaderWriter  : Not injecting HSTS header since it did not match request to [Is Secure]
]]></system-out>
  </testcase>
</testsuite>