<?xml version="1.0" encoding="UTF-8"?>
<testsuite xmlns:xsi="http://www.w3.org/2001/XMLSchema-instance" xsi:noNamespaceSchemaLocation="https://maven.apache.org/surefire/maven-surefire-plugin/xsd/surefire-test-report-3.0.xsd" version="3.0" name="com.footballverse.UploadIntegrationTest" time="0.636" tests="3" errors="0" skipped="0" failures="0">
  <properties>
[...]
</properties>
  <testcase name="testUploadAndRetrieveImageSuccess" classname="com.footballverse.UploadIntegrationTest" time="0.327">
    <system-out><![CDATA[2026-07-08T00:16:50.073+07:00  INFO 23280 --- [football-verse-api] [           main] t.c.s.AnnotationConfigContextLoaderUtils : Could not detect default configuration classes for test class [com.footballverse.UploadIntegrationTest]: UploadIntegrationTest does not declare any static, non-private, non-final, nested classes annotated with @Configuration.
2026-07-08T00:16:50.082+07:00  INFO 23280 --- [football-verse-api] [           main] .b.t.c.SpringBootTestContextBootstrapper : Found @SpringBootConfiguration com.footballverse.FootballVerseApplication for test class com.footballverse.UploadIntegrationTest
2026-07-08T00:16:50.200+07:00 TRACE 23280 --- [football-verse-api] [           main] o.s.security.web.FilterChainProxy        : Trying to match request against DefaultSecurityFilterChain [RequestMatcher=any request, Filters=[org.springframework.security.web.session.DisableEncodeUrlFilter@f42b5c3, org.springframework.security.web.context.request.async.WebAsyncManagerIntegrationFilter@56cd6848, org.springframework.security.web.context.SecurityContextHolderFilter@57a7f10e, org.springframework.security.web.header.HeaderWriterFilter@49cf151f, org.springframework.web.filter.CorsFilter@2c5a3326, org.springframework.security.web.authentication.logout.LogoutFilter@6c91e939, com.footballverse.security.JwtAuthenticationFilter@2cc6a144, org.springframework.security.web.savedrequest.RequestCacheAwareFilter@314f54bd, org.springframework.security.web.servletapi.SecurityContextHolderAwareRequestFilter@99c866, org.springframework.security.web.authentication.AnonymousAuthenticationFilter@314d23e0, org.springframework.security.web.session.SessionManagementFilter@7daf3c9d, org.springframework.security.web.access.ExceptionTranslationFilter@4a858176, org.springframework.security.web.access.intercept.AuthorizationFilter@69a484c2]] (1/1)
2026-07-08T00:16:50.200+07:00 DEBUG 23280 --- [football-verse-api] [           main] o.s.security.web.FilterChainProxy        : Securing POST /uploads
2026-07-08T00:16:50.200+07:00 TRACE 23280 --- [football-verse-api] [           main] o.s.security.web.FilterChainProxy        : Invoking DisableEncodeUrlFilter (1/13)
2026-07-08T00:16:50.200+07:00 TRACE 23280 --- [football-verse-api] [           main] o.s.security.web.FilterChainProxy        : Invoking WebAsyncManagerIntegrationFilter (2/13)
2026-07-08T00:16:50.200+07:00 TRACE 23280 --- [football-verse-api] [           main] o.s.security.web.FilterChainProxy        : Invoking SecurityContextHolderFilter (3/13)
2026-07-08T00:16:50.200+07:00 TRACE 23280 --- [football-verse-api] [           main] o.s.security.web.FilterChainProxy        : Invoking HeaderWriterFilter (4/13)
2026-07-08T00:16:50.200+07:00 TRACE 23280 --- [football-verse-api] [           main] o.s.security.web.FilterChainProxy        : Invoking CorsFilter (5/13)
2026-07-08T00:16:50.207+07:00 TRACE 23280 --- [football-verse-api] [           main] o.s.security.web.FilterChainProxy        : Invoking LogoutFilter (6/13)
2026-07-08T00:16:50.208+07:00 TRACE 23280 --- [football-verse-api] [           main] o.s.s.w.a.logout.LogoutFilter            : Did not match request to Or [Ant [pattern='/logout', GET], Ant [pattern='/logout', POST], Ant [pattern='/logout', PUT], Ant [pattern='/logout', DELETE]]
2026-07-08T00:16:50.208+07:00 TRACE 23280 --- [football-verse-api] [           main] o.s.security.web.FilterChainProxy        : Invoking JwtAuthenticationFilter (7/13)
2026-07-08T00:16:50.239+07:00 TRACE 23280 --- [football-verse-api] [           main] .s.s.w.c.SupplierDeferredSecurityContext : Created SecurityContextImpl [Null authentication]
2026-07-08T00:16:50.240+07:00 TRACE 23280 --- [football-verse-api] [           main] o.s.security.web.FilterChainProxy        : Invoking RequestCacheAwareFilter (8/13)
2026-07-08T00:16:50.240+07:00 TRACE 23280 --- [football-verse-api] [           main] o.s.security.web.FilterChainProxy        : Invoking SecurityContextHolderAwareRequestFilter (9/13)
2026-07-08T00:16:50.240+07:00 TRACE 23280 --- [football-verse-api] [           main] o.s.security.web.FilterChainProxy        : Invoking AnonymousAuthenticationFilter (10/13)
2026-07-08T00:16:50.240+07:00 TRACE 23280 --- [football-verse-api] [           main] o.s.security.web.FilterChainProxy        : Invoking SessionManagementFilter (11/13)
2026-07-08T00:16:50.240+07:00 TRACE 23280 --- [football-verse-api] [           main] o.s.s.w.a.AnonymousAuthenticationFilter  : Did not set SecurityContextHolder since already authenticated UsernamePasswordAuthenticationToken [Principal=org.springframework.security.core.userdetails.User [Username=d99168b1-9187-4d93-8589-0f4f73ba42cd@user.local, Password=[PROTECTED], Enabled=true, AccountNonExpired=true, CredentialsNonExpired=true, AccountNonLocked=true, Granted Authorities=[ROLE_USER]], Credentials=[PROTECTED], Authenticated=true, Details=WebAuthenticationDetails [RemoteIpAddress=127.0.0.1, SessionId=null], Granted Authorities=[ROLE_USER]]
2026-07-08T00:16:50.241+07:00 TRACE 23280 --- [football-verse-api] [           main] s.CompositeSessionAuthenticationStrategy : Preparing session with ChangeSessionIdAuthenticationStrategy (1/1)
2026-07-08T00:16:50.241+07:00 TRACE 23280 --- [football-verse-api] [           main] o.s.security.web.FilterChainProxy        : Invoking ExceptionTranslationFilter (12/13)
2026-07-08T00:16:50.241+07:00 TRACE 23280 --- [football-verse-api] [           main] o.s.security.web.FilterChainProxy        : Invoking AuthorizationFilter (13/13)
2026-07-08T00:16:50.241+07:00 TRACE 23280 --- [football-verse-api] [           main] estMatcherDelegatingAuthorizationManager : Authorizing POST /uploads
2026-07-08T00:16:50.241+07:00 TRACE 23280 --- [football-verse-api] [           main] estMatcherDelegatingAuthorizationManager : Checking authorization on POST /uploads using org.springframework.security.authorization.AuthenticatedAuthorizationManager@7c94100d
2026-07-08T00:16:50.241+07:00 DEBUG 23280 --- [football-verse-api] [           main] o.s.security.web.FilterChainProxy        : Secured POST /uploads
2026-07-08T00:16:50.241+07:00 TRACE 23280 --- [football-verse-api] [           main] s.w.s.m.m.a.RequestMappingHandlerMapping : Mapped to com.footballverse.storage.UploadController#uploadFile(MultipartFile)
2026-07-08T00:16:50.259+07:00 TRACE 23280 --- [football-verse-api] [           main] o.s.web.method.HandlerMethod             : Arguments: [org.springframework.mock.web.MockMultipartFile@4dfa7285]
2026-07-08T00:16:50.273+07:00  INFO 23280 --- [football-verse-api] [           main] c.f.storage.LocalFileStorage             : Saved file 2bc393ba-a38d-4788-b1aa-78d25e589311.png successfully
2026-07-08T00:16:50.330+07:00 DEBUG 23280 --- [football-verse-api] [           main] m.m.a.RequestResponseBodyMethodProcessor : Using 'application/json', given [*/*] and supported [application/json, application/*+json]
2026-07-08T00:16:50.330+07:00 TRACE 23280 --- [football-verse-api] [           main] m.m.a.RequestResponseBodyMethodProcessor : Writing [ApiResponse[success=true, message=Request successful, data={url=/uploads/2bc393ba-a38d-4788-b1aa-78d25e589311.png}, timestamp=2026-07-07T17:16:50.289469100Z]]
2026-07-08T00:16:50.341+07:00 TRACE 23280 --- [football-verse-api] [           main] o.s.s.w.header.writers.HstsHeaderWriter  : Not injecting HSTS header since it did not match request to [Is Secure]
2026-07-08T00:16:50.396+07:00 TRACE 23280 --- [football-verse-api] [           main] o.s.security.web.FilterChainProxy        : Trying to match request against DefaultSecurityFilterChain [RequestMatcher=any request, Filters=[org.springframework.security.web.session.DisableEncodeUrlFilter@f42b5c3, org.springframework.security.web.context.request.async.WebAsyncManagerIntegrationFilter@56cd6848, org.springframework.security.web.context.SecurityContextHolderFilter@57a7f10e, org.springframework.security.web.header.HeaderWriterFilter@49cf151f, org.springframework.web.filter.CorsFilter@2c5a3326, org.springframework.security.web.authentication.logout.LogoutFilter@6c91e939, com.footballverse.security.JwtAuthenticationFilter@2cc6a144, org.springframework.security.web.savedrequest.RequestCacheAwareFilter@314f54bd, org.springframework.security.web.servletapi.SecurityContextHolderAwareRequestFilter@99c866, org.springframework.security.web.authentication.AnonymousAuthenticationFilter@314d23e0, org.springframework.security.web.session.SessionManagementFilter@7daf3c9d, org.springframework.security.web.access.ExceptionTranslationFilter@4a858176, org.springframework.security.web.access.intercept.AuthorizationFilter@69a484c2]] (1/1)
2026-07-08T00:16:50.396+07:00 DEBUG 23280 --- [football-verse-api] [           main] o.s.security.web.FilterChainProxy        : Securing GET /uploads/2bc393ba-a38d-4788-b1aa-78d25e589311.png
2026-07-08T00:16:50.396+07:00 TRACE 23280 --- [football-verse-api] [           main] o.s.security.web.FilterChainProxy        : Invoking DisableEncodeUrlFilter (1/13)
2026-07-08T00:16:50.396+07:00 TRACE 23280 --- [football-verse-api] [           main] o.s.security.web.FilterChainProxy        : Invoking WebAsyncManagerIntegrationFilter (2/13)
2026-07-08T00:16:50.396+07:00 TRACE 23280 --- [football-verse-api] [           main] o.s.security.web.FilterChainProxy        : Invoking SecurityContextHolderFilter (3/13)
2026-07-08T00:16:50.398+07:00 TRACE 23280 --- [football-verse-api] [           main] o.s.security.web.FilterChainProxy        : Invoking HeaderWriterFilter (4/13)
2026-07-08T00:16:50.398+07:00 TRACE 23280 --- [football-verse-api] [           main] o.s.security.web.FilterChainProxy        : Invoking CorsFilter (5/13)
2026-07-08T00:16:50.398+07:00 TRACE 23280 --- [football-verse-api] [           main] o.s.security.web.FilterChainProxy        : Invoking LogoutFilter (6/13)
2026-07-08T00:16:50.398+07:00 TRACE 23280 --- [football-verse-api] [           main] o.s.s.w.a.logout.LogoutFilter            : Did not match request to Or [Ant [pattern='/logout', GET], Ant [pattern='/logout', POST], Ant [pattern='/logout', PUT], Ant [pattern='/logout', DELETE]]
2026-07-08T00:16:50.398+07:00 TRACE 23280 --- [football-verse-api] [           main] o.s.security.web.FilterChainProxy        : Invoking JwtAuthenticationFilter (7/13)
2026-07-08T00:16:50.398+07:00 TRACE 23280 --- [football-verse-api] [           main] o.s.security.web.FilterChainProxy        : Invoking RequestCacheAwareFilter (8/13)
2026-07-08T00:16:50.398+07:00 TRACE 23280 --- [football-verse-api] [           main] o.s.security.web.FilterChainProxy        : Invoking SecurityContextHolderAwareRequestFilter (9/13)
2026-07-08T00:16:50.398+07:00 TRACE 23280 --- [football-verse-api] [           main] o.s.security.web.FilterChainProxy        : Invoking AnonymousAuthenticationFilter (10/13)
2026-07-08T00:16:50.398+07:00 TRACE 23280 --- [football-verse-api] [           main] o.s.security.web.FilterChainProxy        : Invoking SessionManagementFilter (11/13)
2026-07-08T00:16:50.398+07:00 TRACE 23280 --- [football-verse-api] [           main] .s.s.w.c.SupplierDeferredSecurityContext : Created SecurityContextImpl [Null authentication]
2026-07-08T00:16:50.398+07:00 TRACE 23280 --- [football-verse-api] [           main] o.s.s.w.a.AnonymousAuthenticationFilter  : Set SecurityContextHolder to AnonymousAuthenticationToken [Principal=anonymousUser, Credentials=[PROTECTED], Authenticated=true, Details=WebAuthenticationDetails [RemoteIpAddress=127.0.0.1, SessionId=null], Granted Authorities=[ROLE_ANONYMOUS]]
2026-07-08T00:16:50.398+07:00 TRACE 23280 --- [football-verse-api] [           main] o.s.security.web.FilterChainProxy        : Invoking ExceptionTranslationFilter (12/13)
2026-07-08T00:16:50.398+07:00 TRACE 23280 --- [football-verse-api] [           main] o.s.security.web.FilterChainProxy        : Invoking AuthorizationFilter (13/13)
2026-07-08T00:16:50.398+07:00 TRACE 23280 --- [football-verse-api] [           main] estMatcherDelegatingAuthorizationManager : Authorizing GET /uploads/2bc393ba-a38d-4788-b1aa-78d25e589311.png
2026-07-08T00:16:50.398+07:00 TRACE 23280 --- [football-verse-api] [           main] estMatcherDelegatingAuthorizationManager : Checking authorization on GET /uploads/2bc393ba-a38d-4788-b1aa-78d25e589311.png using org.springframework.security.config.annotation.web.configurers.AuthorizeHttpRequestsConfigurer$$Lambda/0x0000000008d339f0@5aa5aa7d
2026-07-08T00:16:50.398+07:00 DEBUG 23280 --- [football-verse-api] [           main] o.s.security.web.FilterChainProxy        : Secured GET /uploads/2bc393ba-a38d-4788-b1aa-78d25e589311.png
2026-07-08T00:16:50.402+07:00 TRACE 23280 --- [football-verse-api] [           main] s.w.s.m.m.a.RequestMappingHandlerMapping : Mapped to com.footballverse.storage.UploadController#serveFile(String)
2026-07-08T00:16:50.407+07:00 TRACE 23280 --- [football-verse-api] [           main] o.s.web.method.HandlerMethod             : Arguments: [2bc393ba-a38d-4788-b1aa-78d25e589311.png]
2026-07-08T00:16:50.425+07:00 DEBUG 23280 --- [football-verse-api] [           main] o.s.w.s.m.m.a.HttpEntityMethodProcessor  : Found 'Content-Type:image/png' in response
2026-07-08T00:16:50.425+07:00 TRACE 23280 --- [football-verse-api] [           main] o.s.w.s.m.m.a.HttpEntityMethodProcessor  : Writing [URL [file:///D:/Code/Project/Personal/football-verse/core-service/target/test-uploads/2bc393ba-a38d-4788-b1aa-78d25e589311.png]]
2026-07-08T00:16:50.429+07:00 TRACE 23280 --- [football-verse-api] [           main] o.s.s.w.header.writers.HstsHeaderWriter  : Not injecting HSTS header since it did not match request to [Is Secure]
]]></system-out>
  </testcase>
  <testcase name="testUploadUnauthenticated" classname="com.footballverse.UploadIntegrationTest" time="0.125">
    <system-out><![CDATA[2026-07-08T00:16:50.465+07:00 TRACE 23280 --- [football-verse-api] [           main] o.s.security.web.FilterChainProxy        : Trying to match request against DefaultSecurityFilterChain [RequestMatcher=any request, Filters=[org.springframework.security.web.session.DisableEncodeUrlFilter@f42b5c3, org.springframework.security.web.context.request.async.WebAsyncManagerIntegrationFilter@56cd6848, org.springframework.security.web.context.SecurityContextHolderFilter@57a7f10e, org.springframework.security.web.header.HeaderWriterFilter@49cf151f, org.springframework.web.filter.CorsFilter@2c5a3326, org.springframework.security.web.authentication.logout.LogoutFilter@6c91e939, com.footballverse.security.JwtAuthenticationFilter@2cc6a144, org.springframework.security.web.savedrequest.RequestCacheAwareFilter@314f54bd, org.springframework.security.web.servletapi.SecurityContextHolderAwareRequestFilter@99c866, org.springframework.security.web.authentication.AnonymousAuthenticationFilter@314d23e0, org.springframework.security.web.session.SessionManagementFilter@7daf3c9d, org.springframework.security.web.access.ExceptionTranslationFilter@4a858176, org.springframework.security.web.access.intercept.AuthorizationFilter@69a484c2]] (1/1)
2026-07-08T00:16:50.465+07:00 DEBUG 23280 --- [football-verse-api] [           main] o.s.security.web.FilterChainProxy        : Securing POST /uploads
2026-07-08T00:16:50.471+07:00 TRACE 23280 --- [football-verse-api] [           main] o.s.security.web.FilterChainProxy        : Invoking DisableEncodeUrlFilter (1/13)
2026-07-08T00:16:50.471+07:00 TRACE 23280 --- [football-verse-api] [           main] o.s.security.web.FilterChainProxy        : Invoking WebAsyncManagerIntegrationFilter (2/13)
2026-07-08T00:16:50.471+07:00 TRACE 23280 --- [football-verse-api] [           main] o.s.security.web.FilterChainProxy        : Invoking SecurityContextHolderFilter (3/13)
2026-07-08T00:16:50.471+07:00 TRACE 23280 --- [football-verse-api] [           main] o.s.security.web.FilterChainProxy        : Invoking HeaderWriterFilter (4/13)
2026-07-08T00:16:50.471+07:00 TRACE 23280 --- [football-verse-api] [           main] o.s.security.web.FilterChainProxy        : Invoking CorsFilter (5/13)
2026-07-08T00:16:50.471+07:00 TRACE 23280 --- [football-verse-api] [           main] o.s.security.web.FilterChainProxy        : Invoking LogoutFilter (6/13)
2026-07-08T00:16:50.471+07:00 TRACE 23280 --- [football-verse-api] [           main] o.s.s.w.a.logout.LogoutFilter            : Did not match request to Or [Ant [pattern='/logout', GET], Ant [pattern='/logout', POST], Ant [pattern='/logout', PUT], Ant [pattern='/logout', DELETE]]
2026-07-08T00:16:50.471+07:00 TRACE 23280 --- [football-verse-api] [           main] o.s.security.web.FilterChainProxy        : Invoking JwtAuthenticationFilter (7/13)
2026-07-08T00:16:50.471+07:00 TRACE 23280 --- [football-verse-api] [           main] o.s.security.web.FilterChainProxy        : Invoking RequestCacheAwareFilter (8/13)
2026-07-08T00:16:50.471+07:00 TRACE 23280 --- [football-verse-api] [           main] o.s.security.web.FilterChainProxy        : Invoking SecurityContextHolderAwareRequestFilter (9/13)
2026-07-08T00:16:50.471+07:00 TRACE 23280 --- [football-verse-api] [           main] o.s.security.web.FilterChainProxy        : Invoking AnonymousAuthenticationFilter (10/13)
2026-07-08T00:16:50.471+07:00 TRACE 23280 --- [football-verse-api] [           main] o.s.security.web.FilterChainProxy        : Invoking SessionManagementFilter (11/13)
2026-07-08T00:16:50.471+07:00 TRACE 23280 --- [football-verse-api] [           main] .s.s.w.c.SupplierDeferredSecurityContext : Created SecurityContextImpl [Null authentication]
2026-07-08T00:16:50.471+07:00 TRACE 23280 --- [football-verse-api] [           main] o.s.s.w.a.AnonymousAuthenticationFilter  : Set SecurityContextHolder to AnonymousAuthenticationToken [Principal=anonymousUser, Credentials=[PROTECTED], Authenticated=true, Details=WebAuthenticationDetails [RemoteIpAddress=127.0.0.1, SessionId=null], Granted Authorities=[ROLE_ANONYMOUS]]
2026-07-08T00:16:50.471+07:00 TRACE 23280 --- [football-verse-api] [           main] o.s.security.web.FilterChainProxy        : Invoking ExceptionTranslationFilter (12/13)
2026-07-08T00:16:50.471+07:00 TRACE 23280 --- [football-verse-api] [           main] o.s.security.web.FilterChainProxy        : Invoking AuthorizationFilter (13/13)
2026-07-08T00:16:50.471+07:00 TRACE 23280 --- [football-verse-api] [           main] estMatcherDelegatingAuthorizationManager : Authorizing POST /uploads
2026-07-08T00:16:50.473+07:00 TRACE 23280 --- [football-verse-api] [           main] estMatcherDelegatingAuthorizationManager : Checking authorization on POST /uploads using org.springframework.security.authorization.AuthenticatedAuthorizationManager@7c94100d
2026-07-08T00:16:50.477+07:00 TRACE 23280 --- [football-verse-api] [           main] o.s.s.w.a.ExceptionTranslationFilter     : Sending AnonymousAuthenticationToken [Principal=anonymousUser, Credentials=[PROTECTED], Authenticated=true, Details=WebAuthenticationDetails [RemoteIpAddress=127.0.0.1, SessionId=null], Granted Authorities=[ROLE_ANONYMOUS]] to authentication entry point since access is denied

org.springframework.security.access.AccessDeniedException: Access Denied
	at org.springframework.security.web.access.intercept.AuthorizationFilter.doFilter(AuthorizationFilter.java:98) ~[spring-security-web-6.3.6.jar:6.3.6]
	at org.springframework.security.web.FilterChainProxy$VirtualFilterChain.doFilter(FilterChainProxy.java:374) ~[spring-security-web-6.3.6.jar:6.3.6]
	at org.springframework.security.web.access.ExceptionTranslationFilter.doFilter(ExceptionTranslationFilter.java:126) ~[spring-security-web-6.3.6.jar:6.3.6]
	at org.springframework.security.web.access.ExceptionTranslationFilter.doFilter(ExceptionTranslationFilter.java:120) ~[spring-security-web-6.3.6.jar:6.3.6]
	at org.springframework.security.web.FilterChainProxy$VirtualFilterChain.doFilter(FilterChainProxy.java:374) ~[spring-security-web-6.3.6.jar:6.3.6]
	at org.springframework.security.web.session.SessionManagementFilter.doFilter(SessionManagementFilter.java:131) ~[spring-security-web-6.3.6.jar:6.3.6]
	at org.springframework.security.web.session.SessionManagementFilter.doFilter(SessionManagementFilter.java:85) ~[spring-security-web-6.3.6.jar:6.3.6]
	at org.springframework.security.web.FilterChainProxy$VirtualFilterChain.doFilter(FilterChainProxy.java:374) ~[spring-security-web-6.3.6.jar:6.3.6]
	at org.springframework.security.web.authentication.AnonymousAuthenticationFilter.doFilter(AnonymousAuthenticationFilter.java:100) ~[spring-security-web-6.3.6.jar:6.3.6]
	at org.springframework.security.web.FilterChainProxy$VirtualFilterChain.doFilter(FilterChainProxy.java:374) ~[spring-security-web-6.3.6.jar:6.3.6]
	at org.springframework.security.web.servletapi.SecurityContextHolderAwareRequestFilter.doFilter(SecurityContextHolderAwareRequestFilter.java:179) ~[spring-security-web-6.3.6.jar:6.3.6]
	at org.springframework.security.web.FilterChainProxy$VirtualFilterChain.doFilter(FilterChainProxy.java:374) ~[spring-security-web-6.3.6.jar:6.3.6]
	at org.springframework.security.web.savedrequest.RequestCacheAwareFilter.doFilter(RequestCacheAwareFilter.java:63) ~[spring-security-web-6.3.6.jar:6.3.6]
	at org.springframework.security.web.FilterChainProxy$VirtualFilterChain.doFilter(FilterChainProxy.java:374) ~[spring-security-web-6.3.6.jar:6.3.6]
	at com.footballverse.security.JwtAuthenticationFilter.doFilterInternal(JwtAuthenticationFilter.java:28) ~[classes/:na]
	at org.springframework.web.filter.OncePerRequestFilter.doFilter(OncePerRequestFilter.java:116) ~[spring-web-6.1.16.jar:6.1.16]
	at org.springframework.security.web.FilterChainProxy$VirtualFilterChain.doFilter(FilterChainProxy.java:374) ~[spring-security-web-6.3.6.jar:6.3.6]
	at org.springframework.security.web.authentication.logout.LogoutFilter.doFilter(LogoutFilter.java:107) ~[spring-security-web-6.3.6.jar:6.3.6]
	at org.springframework.security.web.authentication.logout.LogoutFilter.doFilter(LogoutFilter.java:93) ~[spring-security-web-6.3.6.jar:6.3.6]
	at org.springframework.security.web.FilterChainProxy$VirtualFilterChain.doFilter(FilterChainProxy.java:374) ~[spring-security-web-6.3.6.jar:6.3.6]
	at org.springframework.web.filter.CorsFilter.doFilterInternal(CorsFilter.java:91) ~[spring-web-6.1.16.jar:6.1.16]
	at org.springframework.web.filter.OncePerRequestFilter.doFilter(OncePerRequestFilter.java:116) ~[spring-web-6.1.16.jar:6.1.16]
	at org.springframework.security.web.FilterChainProxy$VirtualFilterChain.doFilter(FilterChainProxy.java:374) ~[spring-security-web-6.3.6.jar:6.3.6]
	at org.springframework.security.web.header.HeaderWriterFilter.doHeadersAfter(HeaderWriterFilter.java:90) ~[spring-security-web-6.3.6.jar:6.3.6]
	at org.springframework.security.web.header.HeaderWriterFilter.doFilterInternal(HeaderWriterFilter.java:75) ~[spring-security-web-6.3.6.jar:6.3.6]
	at org.springframework.web.filter.OncePerRequestFilter.doFilter(OncePerRequestFilter.java:116) ~[spring-web-6.1.16.jar:6.1.16]
	at org.springframework.security.web.FilterChainProxy$VirtualFilterChain.doFilter(FilterChainProxy.java:374) ~[spring-security-web-6.3.6.jar:6.3.6]
	at org.springframework.security.web.context.SecurityContextHolderFilter.doFilter(SecurityContextHolderFilter.java:82) ~[spring-security-web-6.3.6.jar:6.3.6]
	at org.springframework.security.web.context.SecurityContextHolderFilter.doFilter(SecurityContextHolderFilter.java:69) ~[spring-security-web-6.3.6.jar:6.3.6]
	at org.springframework.security.web.FilterChainProxy$VirtualFilterChain.doFilter(FilterChainProxy.java:374) ~[spring-security-web-6.3.6.jar:6.3.6]
	at org.springframework.security.web.context.request.async.WebAsyncManagerIntegrationFilter.doFilterInternal(WebAsyncManagerIntegrationFilter.java:62) ~[spring-security-web-6.3.6.jar:6.3.6]
	at org.springframework.web.filter.OncePerRequestFilter.doFilter(OncePerRequestFilter.java:116) ~[spring-web-6.1.16.jar:6.1.16]
	at org.springframework.security.web.FilterChainProxy$VirtualFilterChain.doFilter(FilterChainProxy.java:374) ~[spring-security-web-6.3.6.jar:6.3.6]
	at org.springframework.security.web.session.DisableEncodeUrlFilter.doFilterInternal(DisableEncodeUrlFilter.java:42) ~[spring-security-web-6.3.6.jar:6.3.6]
	at org.springframework.web.filter.OncePerRequestFilter.doFilter(OncePerRequestFilter.java:116) ~[spring-web-6.1.16.jar:6.1.16]
	at org.springframework.security.web.FilterChainProxy$VirtualFilterChain.doFilter(FilterChainProxy.java:374) ~[spring-security-web-6.3.6.jar:6.3.6]
	at org.springframework.security.web.FilterChainProxy.doFilterInternal(FilterChainProxy.java:233) ~[spring-security-web-6.3.6.jar:6.3.6]
	at org.springframework.security.web.FilterChainProxy.doFilter(FilterChainProxy.java:191) ~[spring-security-web-6.3.6.jar:6.3.6]
	at org.springframework.web.filter.CompositeFilter$VirtualFilterChain.doFilter(CompositeFilter.java:113) ~[spring-web-6.1.16.jar:6.1.16]
	at org.springframework.web.servlet.handler.HandlerMappingIntrospector.lambda$createCacheFilter$3(HandlerMappingIntrospector.java:195) ~[spring-webmvc-6.1.16.jar:6.1.16]
	at org.springframework.web.filter.CompositeFilter$VirtualFilterChain.doFilter(CompositeFilter.java:113) ~[spring-web-6.1.16.jar:6.1.16]
	at org.springframework.web.filter.CompositeFilter.doFilter(CompositeFilter.java:74) ~[spring-web-6.1.16.jar:6.1.16]
	at org.springframework.security.config.annotation.web.configuration.WebMvcSecurityConfiguration$CompositeFilterChainProxy.doFilter(WebMvcSecurityConfiguration.java:230) ~[spring-security-config-6.3.6.jar:6.3.6]
	at org.springframework.web.filter.DelegatingFilterProxy.invokeDelegate(DelegatingFilterProxy.java:362) ~[spring-web-6.1.16.jar:6.1.16]
	at org.springframework.web.filter.DelegatingFilterProxy.doFilter(DelegatingFilterProxy.java:278) ~[spring-web-6.1.16.jar:6.1.16]
	at org.springframework.test.web.servlet.setup.MockMvcFilterDecorator.doFilter(MockMvcFilterDecorator.java:151) ~[spring-test-6.1.16.jar:6.1.16]
	at org.springframework.mock.web.MockFilterChain.doFilter(MockFilterChain.java:132) ~[spring-test-6.1.16.jar:6.1.16]
	at org.springframework.web.filter.RequestContextFilter.doFilterInternal(RequestContextFilter.java:100) ~[spring-web-6.1.16.jar:6.1.16]
	at org.springframework.web.filter.OncePerRequestFilter.doFilter(OncePerRequestFilter.java:116) ~[spring-web-6.1.16.jar:6.1.16]
	at org.springframework.test.web.servlet.setup.MockMvcFilterDecorator.doFilter(MockMvcFilterDecorator.java:151) ~[spring-test-6.1.16.jar:6.1.16]
	at org.springframework.mock.web.MockFilterChain.doFilter(MockFilterChain.java:132) ~[spring-test-6.1.16.jar:6.1.16]
	at org.springframework.web.filter.FormContentFilter.doFilterInternal(FormContentFilter.java:93) ~[spring-web-6.1.16.jar:6.1.16]
	at org.springframework.web.filter.OncePerRequestFilter.doFilter(OncePerRequestFilter.java:116) ~[spring-web-6.1.16.jar:6.1.16]
	at org.springframework.test.web.servlet.setup.MockMvcFilterDecorator.doFilter(MockMvcFilterDecorator.java:151) ~[spring-test-6.1.16.jar:6.1.16]
	at org.springframework.mock.web.MockFilterChain.doFilter(MockFilterChain.java:132) ~[spring-test-6.1.16.jar:6.1.16]
	at org.springframework.web.filter.CharacterEncodingFilter.doFilterInternal(CharacterEncodingFilter.java:201) ~[spring-web-6.1.16.jar:6.1.16]
	at org.springframework.web.filter.OncePerRequestFilter.doFilter(OncePerRequestFilter.java:116) ~[spring-web-6.1.16.jar:6.1.16]
	at org.springframework.test.web.servlet.setup.MockMvcFilterDecorator.doFilter(MockMvcFilterDecorator.java:151) ~[spring-test-6.1.16.jar:6.1.16]
	at org.springframework.mock.web.MockFilterChain.doFilter(MockFilterChain.java:132) ~[spring-test-6.1.16.jar:6.1.16]
	at org.springframework.test.web.servlet.MockMvc.perform(MockMvc.java:201) ~[spring-test-6.1.16.jar:6.1.16]
	at com.footballverse.UploadIntegrationTest.testUploadUnauthenticated(UploadIntegrationTest.java:112) ~[test-classes/:na]
	at java.base/jdk.internal.reflect.DirectMethodHandleAccessor.invoke(DirectMethodHandleAccessor.java:104) ~[na:na]
	at java.base/java.lang.reflect.Method.invoke(Method.java:565) ~[na:na]
	at org.junit.platform.commons.util.ReflectionUtils.invokeMethod(ReflectionUtils.java:728) ~[junit-platform-commons-1.10.5.jar:1.10.5]
	at org.junit.jupiter.engine.execution.MethodInvocation.proceed(MethodInvocation.java:60) ~[junit-jupiter-engine-5.10.5.jar:5.10.5]
	at org.junit.jupiter.engine.execution.InvocationInterceptorChain$ValidatingInvocation.proceed(InvocationInterceptorChain.java:131) ~[junit-jupiter-engine-5.10.5.jar:5.10.5]
	at org.junit.jupiter.engine.extension.TimeoutExtension.intercept(TimeoutExtension.java:156) ~[junit-jupiter-engine-5.10.5.jar:5.10.5]
	at org.junit.jupiter.engine.extension.TimeoutExtension.interceptTestableMethod(TimeoutExtension.java:147) ~[junit-jupiter-engine-5.10.5.jar:5.10.5]
	at org.junit.jupiter.engine.extension.TimeoutExtension.interceptTestMethod(TimeoutExtension.java:86) ~[junit-jupiter-engine-5.10.5.jar:5.10.5]
	at org.junit.jupiter.engine.execution.InterceptingExecutableInvoker$ReflectiveInterceptorCall.lambda$ofVoidMethod$0(InterceptingExecutableInvoker.java:103) ~[junit-jupiter-engine-5.10.5.jar:5.10.5]
	at org.junit.jupiter.engine.execution.InterceptingExecutableInvoker.lambda$invoke$0(InterceptingExecutableInvoker.java:93) ~[junit-jupiter-engine-5.10.5.jar:5.10.5]
	at org.junit.jupiter.engine.execution.InvocationInterceptorChain$InterceptedInvocation.proceed(InvocationInterceptorChain.java:106) ~[junit-jupiter-engine-5.10.5.jar:5.10.5]
	at org.junit.jupiter.engine.execution.InvocationInterceptorChain.proceed(InvocationInterceptorChain.java:64) ~[junit-jupiter-engine-5.10.5.jar:5.10.5]
	at org.junit.jupiter.engine.execution.InvocationInterceptorChain.chainAndInvoke(InvocationInterceptorChain.java:45) ~[junit-jupiter-engine-5.10.5.jar:5.10.5]
	at org.junit.jupiter.engine.execution.InvocationInterceptorChain.invoke(InvocationInterceptorChain.java:37) ~[junit-jupiter-engine-5.10.5.jar:5.10.5]
	at org.junit.jupiter.engine.execution.InterceptingExecutableInvoker.invoke(InterceptingExecutableInvoker.java:92) ~[junit-jupiter-engine-5.10.5.jar:5.10.5]
	at org.junit.jupiter.engine.execution.InterceptingExecutableInvoker.invoke(InterceptingExecutableInvoker.java:86) ~[junit-jupiter-engine-5.10.5.jar:5.10.5]
	at org.junit.jupiter.engine.descriptor.TestMethodTestDescriptor.lambda$invokeTestMethod$7(TestMethodTestDescriptor.java:218) ~[junit-jupiter-engine-5.10.5.jar:5.10.5]
	at org.junit.platform.engine.support.hierarchical.ThrowableCollector.execute(ThrowableCollector.java:73) ~[junit-platform-engine-1.10.5.jar:1.10.5]
	at org.junit.jupiter.engine.descriptor.TestMethodTestDescriptor.invokeTestMethod(TestMethodTestDescriptor.java:214) ~[junit-jupiter-engine-5.10.5.jar:5.10.5]
	at org.junit.jupiter.engine.descriptor.TestMethodTestDescriptor.execute(TestMethodTestDescriptor.java:139) ~[junit-jupiter-engine-5.10.5.jar:5.10.5]
	at org.junit.jupiter.engine.descriptor.TestMethodTestDescriptor.execute(TestMethodTestDescriptor.java:69) ~[junit-jupiter-engine-5.10.5.jar:5.10.5]
	at org.junit.platform.engine.support.hierarchical.NodeTestTask.lambda$executeRecursively$6(NodeTestTask.java:156) ~[junit-platform-engine-1.10.5.jar:1.10.5]
	at org.junit.platform.engine.support.hierarchical.ThrowableCollector.execute(ThrowableCollector.java:73) ~[junit-platform-engine-1.10.5.jar:1.10.5]
	at org.junit.platform.engine.support.hierarchical.NodeTestTask.lambda$executeRecursively$8(NodeTestTask.java:146) ~[junit-platform-engine-1.10.5.jar:1.10.5]
	at org.junit.platform.engine.support.hierarchical.Node.around(Node.java:137) ~[junit-platform-engine-1.10.5.jar:1.10.5]
	at org.junit.platform.engine.support.hierarchical.NodeTestTask.lambda$executeRecursively$9(NodeTestTask.java:144) ~[junit-platform-engine-1.10.5.jar:1.10.5]
	at org.junit.platform.engine.support.hierarchical.ThrowableCollector.execute(ThrowableCollector.java:73) ~[junit-platform-engine-1.10.5.jar:1.10.5]
	at org.junit.platform.engine.support.hierarchical.NodeTestTask.executeRecursively(NodeTestTask.java:143) ~[junit-platform-engine-1.10.5.jar:1.10.5]
	at org.junit.platform.engine.support.hierarchical.NodeTestTask.execute(NodeTestTask.java:100) ~[junit-platform-engine-1.10.5.jar:1.10.5]
	at java.base/java.util.ArrayList.forEach(ArrayList.java:1612) ~[na:na]
	at org.junit.platform.engine.support.hierarchical.SameThreadHierarchicalTestExecutorService.invokeAll(SameThreadHierarchicalTestExecutorService.java:41) ~[junit-platform-engine-1.10.5.jar:1.10.5]
	at org.junit.platform.engine.support.hierarchical.NodeTestTask.lambda$executeRecursively$6(NodeTestTask.java:160) ~[junit-platform-engine-1.10.5.jar:1.10.5]
	at org.junit.platform.engine.support.hierarchical.ThrowableCollector.execute(ThrowableCollector.java:73) ~[junit-platform-engine-1.10.5.jar:1.10.5]
	at org.junit.platform.engine.support.hierarchical.NodeTestTask.lambda$executeRecursively$8(NodeTestTask.java:146) ~[junit-platform-engine-1.10.5.jar:1.10.5]
	at org.junit.platform.engine.support.hierarchical.Node.around(Node.java:137) ~[junit-platform-engine-1.10.5.jar:1.10.5]
	at org.junit.platform.engine.support.hierarchical.NodeTestTask.lambda$executeRecursively$9(NodeTestTask.java:144) ~[junit-platform-engine-1.10.5.jar:1.10.5]
	at org.junit.platform.engine.support.hierarchical.ThrowableCollector.execute(ThrowableCollector.java:73) ~[junit-platform-engine-1.10.5.jar:1.10.5]
	at org.junit.platform.engine.support.hierarchical.NodeTestTask.executeRecursively(NodeTestTask.java:143) ~[junit-platform-engine-1.10.5.jar:1.10.5]
	at org.junit.platform.engine.support.hierarchical.NodeTestTask.execute(NodeTestTask.java:100) ~[junit-platform-engine-1.10.5.jar:1.10.5]
	at java.base/java.util.ArrayList.forEach(ArrayList.java:1612) ~[na:na]
	at org.junit.platform.engine.support.hierarchical.SameThreadHierarchicalTestExecutorService.invokeAll(SameThreadHierarchicalTestExecutorService.java:41) ~[junit-platform-engine-1.10.5.jar:1.10.5]
	at org.junit.platform.engine.support.hierarchical.NodeTestTask.lambda$executeRecursively$6(NodeTestTask.java:160) ~[junit-platform-engine-1.10.5.jar:1.10.5]
	at org.junit.platform.engine.support.hierarchical.ThrowableCollector.execute(ThrowableCollector.java:73) ~[junit-platform-engine-1.10.5.jar:1.10.5]
	at org.junit.platform.engine.support.hierarchical.NodeTestTask.lambda$executeRecursively$8(NodeTestTask.java:146) ~[junit-platform-engine-1.10.5.jar:1.10.5]
	at org.junit.platform.engine.support.hierarchical.Node.around(Node.java:137) ~[junit-platform-engine-1.10.5.jar:1.10.5]
	at org.junit.platform.engine.support.hierarchical.NodeTestTask.lambda$executeRecursively$9(NodeTestTask.java:144) ~[junit-platform-engine-1.10.5.jar:1.10.5]
	at org.junit.platform.engine.support.hierarchical.ThrowableCollector.execute(ThrowableCollector.java:73) ~[junit-platform-engine-1.10.5.jar:1.10.5]
	at org.junit.platform.engine.support.hierarchical.NodeTestTask.executeRecursively(NodeTestTask.java:143) ~[junit-platform-engine-1.10.5.jar:1.10.5]
	at org.junit.platform.engine.support.hierarchical.NodeTestTask.execute(NodeTestTask.java:100) ~[junit-platform-engine-1.10.5.jar:1.10.5]
	at org.junit.platform.engine.support.hierarchical.SameThreadHierarchicalTestExecutorService.submit(SameThreadHierarchicalTestExecutorService.java:35) ~[junit-platform-engine-1.10.5.jar:1.10.5]
	at org.junit.platform.engine.support.hierarchical.HierarchicalTestExecutor.execute(HierarchicalTestExecutor.java:57) ~[junit-platform-engine-1.10.5.jar:1.10.5]
	at org.junit.platform.engine.support.hierarchical.HierarchicalTestEngine.execute(HierarchicalTestEngine.java:54) ~[junit-platform-engine-1.10.5.jar:1.10.5]
	at org.junit.platform.launcher.core.EngineExecutionOrchestrator.execute(EngineExecutionOrchestrator.java:198) ~[junit-platform-launcher-1.10.5.jar:1.10.5]
	at org.junit.platform.launcher.core.EngineExecutionOrchestrator.execute(EngineExecutionOrchestrator.java:169) ~[junit-platform-launcher-1.10.5.jar:1.10.5]
	at org.junit.platform.launcher.core.EngineExecutionOrchestrator.execute(EngineExecutionOrchestrator.java:93) ~[junit-platform-launcher-1.10.5.jar:1.10.5]
	at org.junit.platform.launcher.core.EngineExecutionOrchestrator.lambda$execute$0(EngineExecutionOrchestrator.java:58) ~[junit-platform-launcher-1.10.5.jar:1.10.5]
	at org.junit.platform.launcher.core.EngineExecutionOrchestrator.withInterceptedStreams(EngineExecutionOrchestrator.java:141) ~[junit-platform-launcher-1.10.5.jar:1.10.5]
	at org.junit.platform.launcher.core.EngineExecutionOrchestrator.execute(EngineExecutionOrchestrator.java:57) ~[junit-platform-launcher-1.10.5.jar:1.10.5]
	at org.junit.platform.launcher.core.DefaultLauncher.execute(DefaultLauncher.java:103) ~[junit-platform-launcher-1.10.5.jar:1.10.5]
	at org.junit.platform.launcher.core.DefaultLauncher.execute(DefaultLauncher.java:85) ~[junit-platform-launcher-1.10.5.jar:1.10.5]
	at org.junit.platform.launcher.core.DelegatingLauncher.execute(DelegatingLauncher.java:47) ~[junit-platform-launcher-1.10.5.jar:1.10.5]
	at org.apache.maven.surefire.junitplatform.LazyLauncher.execute(LazyLauncher.java:56) ~[surefire-junit-platform-3.2.5.jar:3.2.5]
	at org.apache.maven.surefire.junitplatform.JUnitPlatformProvider.execute(JUnitPlatformProvider.java:184) ~[surefire-junit-platform-3.2.5.jar:3.2.5]
	at org.apache.maven.surefire.junitplatform.JUnitPlatformProvider.invokeAllTests(JUnitPlatformProvider.java:148) ~[surefire-junit-platform-3.2.5.jar:3.2.5]
	at org.apache.maven.surefire.junitplatform.JUnitPlatformProvider.invoke(JUnitPlatformProvider.java:122) ~[surefire-junit-platform-3.2.5.jar:3.2.5]
	at org.apache.maven.surefire.booter.ForkedBooter.runSuitesInProcess(ForkedBooter.java:385) ~[surefire-booter-3.2.5.jar:3.2.5]
	at org.apache.maven.surefire.booter.ForkedBooter.execute(ForkedBooter.java:162) ~[surefire-booter-3.2.5.jar:3.2.5]
	at org.apache.maven.surefire.booter.ForkedBooter.run(ForkedBooter.java:507) ~[surefire-booter-3.2.5.jar:3.2.5]
	at org.apache.maven.surefire.booter.ForkedBooter.main(ForkedBooter.java:495) ~[surefire-booter-3.2.5.jar:3.2.5]

2026-07-08T00:16:50.549+07:00 DEBUG 23280 --- [football-verse-api] [           main] o.s.s.w.a.Http403ForbiddenEntryPoint     : Pre-authenticated entry point called. Rejecting access
2026-07-08T00:16:50.554+07:00 TRACE 23280 --- [football-verse-api] [           main] o.s.s.w.header.writers.HstsHeaderWriter  : Not injecting HSTS header since it did not match request to [Is Secure]
]]></system-out>
  </testcase>
  <testcase name="testUploadInvalidExtension" classname="com.footballverse.UploadIntegrationTest" time="0.13">
    <system-out><![CDATA[2026-07-08T00:16:50.598+07:00 TRACE 23280 --- [football-verse-api] [           main] o.s.security.web.FilterChainProxy        : Trying to match request against DefaultSecurityFilterChain [RequestMatcher=any request, Filters=[org.springframework.security.web.session.DisableEncodeUrlFilter@f42b5c3, org.springframework.security.web.context.request.async.WebAsyncManagerIntegrationFilter@56cd6848, org.springframework.security.web.context.SecurityContextHolderFilter@57a7f10e, org.springframework.security.web.header.HeaderWriterFilter@49cf151f, org.springframework.web.filter.CorsFilter@2c5a3326, org.springframework.security.web.authentication.logout.LogoutFilter@6c91e939, com.footballverse.security.JwtAuthenticationFilter@2cc6a144, org.springframework.security.web.savedrequest.RequestCacheAwareFilter@314f54bd, org.springframework.security.web.servletapi.SecurityContextHolderAwareRequestFilter@99c866, org.springframework.security.web.authentication.AnonymousAuthenticationFilter@314d23e0, org.springframework.security.web.session.SessionManagementFilter@7daf3c9d, org.springframework.security.web.access.ExceptionTranslationFilter@4a858176, org.springframework.security.web.access.intercept.AuthorizationFilter@69a484c2]] (1/1)
2026-07-08T00:16:50.598+07:00 DEBUG 23280 --- [football-verse-api] [           main] o.s.security.web.FilterChainProxy        : Securing POST /uploads
2026-07-08T00:16:50.598+07:00 TRACE 23280 --- [football-verse-api] [           main] o.s.security.web.FilterChainProxy        : Invoking DisableEncodeUrlFilter (1/13)
2026-07-08T00:16:50.598+07:00 TRACE 23280 --- [football-verse-api] [           main] o.s.security.web.FilterChainProxy        : Invoking WebAsyncManagerIntegrationFilter (2/13)
2026-07-08T00:16:50.598+07:00 TRACE 23280 --- [football-verse-api] [           main] o.s.security.web.FilterChainProxy        : Invoking SecurityContextHolderFilter (3/13)
2026-07-08T00:16:50.598+07:00 TRACE 23280 --- [football-verse-api] [           main] o.s.security.web.FilterChainProxy        : Invoking HeaderWriterFilter (4/13)
2026-07-08T00:16:50.598+07:00 TRACE 23280 --- [football-verse-api] [           main] o.s.security.web.FilterChainProxy        : Invoking CorsFilter (5/13)
2026-07-08T00:16:50.598+07:00 TRACE 23280 --- [football-verse-api] [           main] o.s.security.web.FilterChainProxy        : Invoking LogoutFilter (6/13)
2026-07-08T00:16:50.598+07:00 TRACE 23280 --- [football-verse-api] [           main] o.s.s.w.a.logout.LogoutFilter            : Did not match request to Or [Ant [pattern='/logout', GET], Ant [pattern='/logout', POST], Ant [pattern='/logout', PUT], Ant [pattern='/logout', DELETE]]
2026-07-08T00:16:50.598+07:00 TRACE 23280 --- [football-verse-api] [           main] o.s.security.web.FilterChainProxy        : Invoking JwtAuthenticationFilter (7/13)
2026-07-08T00:16:50.619+07:00 TRACE 23280 --- [football-verse-api] [           main] .s.s.w.c.SupplierDeferredSecurityContext : Created SecurityContextImpl [Null authentication]
2026-07-08T00:16:50.619+07:00 TRACE 23280 --- [football-verse-api] [           main] o.s.security.web.FilterChainProxy        : Invoking RequestCacheAwareFilter (8/13)
2026-07-08T00:16:50.619+07:00 TRACE 23280 --- [football-verse-api] [           main] o.s.security.web.FilterChainProxy        : Invoking SecurityContextHolderAwareRequestFilter (9/13)
2026-07-08T00:16:50.620+07:00 TRACE 23280 --- [football-verse-api] [           main] o.s.security.web.FilterChainProxy        : Invoking AnonymousAuthenticationFilter (10/13)
2026-07-08T00:16:50.620+07:00 TRACE 23280 --- [football-verse-api] [           main] o.s.security.web.FilterChainProxy        : Invoking SessionManagementFilter (11/13)
2026-07-08T00:16:50.620+07:00 TRACE 23280 --- [football-verse-api] [           main] o.s.s.w.a.AnonymousAuthenticationFilter  : Did not set SecurityContextHolder since already authenticated UsernamePasswordAuthenticationToken [Principal=org.springframework.security.core.userdetails.User [Username=4b41d042-7275-4b1c-905f-a00085660f41@user.local, Password=[PROTECTED], Enabled=true, AccountNonExpired=true, CredentialsNonExpired=true, AccountNonLocked=true, Granted Authorities=[ROLE_USER]], Credentials=[PROTECTED], Authenticated=true, Details=WebAuthenticationDetails [RemoteIpAddress=127.0.0.1, SessionId=null], Granted Authorities=[ROLE_USER]]
2026-07-08T00:16:50.620+07:00 TRACE 23280 --- [football-verse-api] [           main] s.CompositeSessionAuthenticationStrategy : Preparing session with ChangeSessionIdAuthenticationStrategy (1/1)
2026-07-08T00:16:50.620+07:00 TRACE 23280 --- [football-verse-api] [           main] o.s.security.web.FilterChainProxy        : Invoking ExceptionTranslationFilter (12/13)
2026-07-08T00:16:50.620+07:00 TRACE 23280 --- [football-verse-api] [           main] o.s.security.web.FilterChainProxy        : Invoking AuthorizationFilter (13/13)
2026-07-08T00:16:50.620+07:00 TRACE 23280 --- [football-verse-api] [           main] estMatcherDelegatingAuthorizationManager : Authorizing POST /uploads
2026-07-08T00:16:50.620+07:00 TRACE 23280 --- [football-verse-api] [           main] estMatcherDelegatingAuthorizationManager : Checking authorization on POST /uploads using org.springframework.security.authorization.AuthenticatedAuthorizationManager@7c94100d
2026-07-08T00:16:50.621+07:00 DEBUG 23280 --- [football-verse-api] [           main] o.s.security.web.FilterChainProxy        : Secured POST /uploads
2026-07-08T00:16:50.621+07:00 TRACE 23280 --- [football-verse-api] [           main] s.w.s.m.m.a.RequestMappingHandlerMapping : Mapped to com.footballverse.storage.UploadController#uploadFile(MultipartFile)
2026-07-08T00:16:50.621+07:00 TRACE 23280 --- [football-verse-api] [           main] o.s.web.method.HandlerMethod             : Arguments: [org.springframework.mock.web.MockMultipartFile@649cb050]
2026-07-08T00:16:50.629+07:00 DEBUG 23280 --- [football-verse-api] [           main] .m.m.a.ExceptionHandlerExceptionResolver : Using @ExceptionHandler com.footballverse.common.exception.GlobalExceptionHandler#handleIllegalArgument(IllegalArgumentException)
2026-07-08T00:16:50.630+07:00 TRACE 23280 --- [football-verse-api] [           main] o.s.web.method.HandlerMethod             : Arguments: [java.lang.IllegalArgumentException: Unsupported file type. Only images are allowed (jpg, jpeg, png, gif, webp).]
2026-07-08T00:16:50.670+07:00 DEBUG 23280 --- [football-verse-api] [           main] o.s.w.s.m.m.a.HttpEntityMethodProcessor  : Using 'application/json', given [*/*] and supported [application/json, application/*+json]
2026-07-08T00:16:50.675+07:00 TRACE 23280 --- [football-verse-api] [           main] o.s.w.s.m.m.a.HttpEntityMethodProcessor  : Writing [ErrorResponse[success=false, message=Unsupported file type. Only images are allowed (jpg, jpeg, png, gif, webp)., errors=[], timestamp=2026-07-07T17:16:50.633769Z]]
2026-07-08T00:16:50.683+07:00 TRACE 23280 --- [football-verse-api] [           main] o.s.s.w.header.writers.HstsHeaderWriter  : Not injecting HSTS header since it did not match request to [Is Secure]
2026-07-08T00:16:50.684+07:00 DEBUG 23280 --- [football-verse-api] [           main] .m.m.a.ExceptionHandlerExceptionResolver : Resolved [java.lang.IllegalArgumentException: Unsupported file type. Only images are allowed (jpg, jpeg, png, gif, webp).]
]]></system-out>
  </testcase>
</testsuite>